2019-04-01 15:32:41,748 - __main__ - INFO - ------------------------------------------------------
2019-04-01 15:32:41,748 - __main__ - INFO - 1 - Training Script
2019-04-01 15:32:41,748 - __main__ - INFO - 2 - Check Demon Existence
2019-04-01 15:32:41,748 - __main__ - INFO - 3 - Create Training PID file
2019-04-01 15:32:41,748 - __main__ - INFO - 4 - Load Configuration
2019-04-01 15:32:41,748 - __main__ - INFO - ++++++++++++++++++++++++++++++++++++++++++++
2019-04-01 15:32:41,748 - __main__ - INFO - 5 - User Selected : antonio
2019-04-01 15:32:41,748 - __main__ - INFO - 6 - Model Type : category
2019-04-01 15:32:41,748 - __main__ - INFO - 7 - Check last date from the log date file
2019-04-01 15:32:41,749 - __main__ - INFO - 	-- File exists. Get data from there
2019-04-01 15:32:41,749 - __main__ - INFO - 8 - Create directories for new model
2019-04-01 15:32:41,749 - __main__ - INFO - 9 - Copy data dir from old model to the new one
2019-04-01 15:32:41,767 - __main__ - INFO - 10 - Open Training Script For user : antonio --------------------- 
2019-04-01 15:32:41,767 - __main__ - INFO - -----------------------------------------------------------------
2019-04-01 15:32:41,767 - __main__ - INFO - ------------------------Training Start---------------------------
2019-04-01 15:32:41,767 - __main__ - INFO - ** Initialization start... **
2019-04-01 15:32:41,767 - __main__ - INFO - 	MainPath - /home/questit/data/models_and_data/antonio/models/category/model_new/
2019-04-01 15:32:41,767 - __main__ - INFO - 	Type - category
2019-04-01 15:32:41,767 - __main__ - INFO - 	ConfigFile - /home/questit/assist_classifier/scripts/../ticket_classification/config//antonio/category_config.json
2019-04-01 15:32:41,767 - __main__ - INFO - 	FromDate - 20190331
2019-04-01 15:32:41,767 - __main__ - INFO - 	ToDate - 20190401
2019-04-01 15:32:41,767 - __main__ - INFO - ** Initialization End **
2019-04-01 15:32:41,768 - __main__ - INFO - 1 - Load Configurations
2019-04-01 15:32:41,768 - __main__ - INFO - 	** Config for Classification
2019-04-01 15:32:41,768 - __main__ - INFO - 2 - Login In API
2019-04-01 15:32:41,768 - __main__ - INFO - --------------------------------
2019-04-01 15:32:41,768 - __main__ - INFO - ========= LOGIN ================
2019-04-01 15:32:41,768 - __main__ - INFO - 	-- Login to API URL : https://assist-prj.org/assist/api/v1/login
2019-04-01 15:32:41,874 - __main__ - INFO - 	-- Checking Status
2019-04-01 15:32:41,874 - __main__ - INFO - 	Status Code: 200 - OK
2019-04-01 15:32:41,874 - __main__ - INFO - 	-- Checking Cookies
2019-04-01 15:32:41,874 - __main__ - INFO - 	-- Checking Token
2019-04-01 15:32:41,875 - __main__ - INFO - 	-- Set Token
2019-04-01 15:32:41,875 - __main__ - INFO - 	-- Token Setted
2019-04-01 15:32:41,875 - __main__ - INFO - ========= LOGGED IN ================
2019-04-01 15:32:41,875 - __main__ - INFO - 3 - GET TICKETS FROM API
2019-04-01 15:32:41,875 - __main__ - INFO - ------------------------------------------
2019-04-01 15:32:41,875 - __main__ - INFO - ========= GET TICKETS START ============
2019-04-01 15:32:41,888 - __main__ - INFO - 	-- Checking Status
2019-04-01 15:32:41,888 - __main__ - INFO - 	Status Code: 200 - OK
2019-04-01 15:32:41,888 - __main__ - INFO - ========= GET TICKETS END ============
2019-04-01 15:32:41,888 - __main__ - INFO - ------------------------------------------
2019-04-01 15:32:41,888 - __main__ - INFO - 4 - REMOVE STOP WORDS FROM NEW TICKETS
2019-04-01 15:32:41,903 - __main__ - INFO - 5 - GET STORED DATA TICKETS
2019-04-01 15:32:42,077 - __main__ - INFO - 6 - MERGE THE DATA - STORED AND GATHERED
2019-04-01 15:32:42,080 - __main__ - INFO - 7 - REMOVE IDENTICAL TICKETS
2019-04-01 15:32:42,124 - __main__ - INFO - 8 - SAVING MERGED DATA
2019-04-01 15:32:42,198 - __main__ - INFO - 9 - EXTRACT WORDS FROM TICKETS
2019-04-01 15:32:45,555 - __main__ - INFO - 10 - BUILD NEW VOCABULARY
2019-04-01 15:32:46,021 - __main__ - INFO - *** Vocabulary saved
2019-04-01 15:32:46,021 - __main__ - INFO - 11 -- SPLIT DATA IN TRAINING AND TEST DATASET
2019-04-01 15:32:46,152 - __main__ - INFO - 12 - CREATE TICKETS AND TARGETS SEQUENCES
2019-04-01 15:32:49,606 - __main__ - INFO - 13 - FILTER OUT  DATA - Removing Token OOV
2019-04-01 15:32:49,678 - __main__ - INFO - 	*** Classe Cestino in Training : 7819
2019-04-01 15:32:49,678 - __main__ - INFO - 14 - SAVING TRAINING SEQUENCES
2019-04-01 15:32:52,118 - __main__ - INFO - 	*** Training Size : 70185

2019-04-01 15:32:52,118 - __main__ - INFO - 	*** Use pretrained Words Embedding
2019-04-01 15:32:58,112 - __main__ - INFO - 15 - START TRAINING
2019-04-01 16:41:14,005 - __main__ - INFO - ============ End =============
2019-04-01 16:41:14,006 - __main__ - INFO - --------------------------------
2019-04-01 16:41:14,006 - __main__ - INFO - ========= LOGOUT ================
2019-04-01 16:41:14,148 - __main__ - INFO - 	-- Checking Status
2019-04-01 16:41:14,148 - __main__ - INFO - 	Status Code: 200 - OK
2019-04-01 16:41:14,148 - __main__ - INFO - 	-- Reset Token
2019-04-01 16:41:14,148 - __main__ - INFO - ========= LOGGED OUT ================
2019-04-01 16:41:14,427 - __main__ - INFO - 11 - Evaluate new model and old model
2019-04-01 16:41:14,427 - __main__ - INFO - 1 - Create Configuration
2019-04-01 16:41:14,427 - __main__ - INFO - 2 - Load Data and Targets
2019-04-01 16:41:14,479 - __main__ - INFO - 3 - Load Model Vocabulary
2019-04-01 16:41:34,673 - __main__ - INFO - 	-- Old Model accuracy : 0.9007314
2019-04-01 16:41:34,673 - __main__ - INFO - 4 - Load New Model Vocabulary
2019-04-01 16:41:54,956 - __main__ - INFO - 	-- New Model accuracy : 0.9014601
2019-04-01 16:41:54,967 - __main__ - INFO - 	-- EVALUATION : New Model has better performance
2019-04-01 16:41:54,967 - __main__ - INFO - 	-- Create a Classification DEMON to ensure that classification not start now
2019-04-01 16:41:54,968 - __main__ - INFO - 11 - Remove old model directory
2019-04-01 16:41:54,968 - __main__ - INFO - 12 - Move New model as Model and Model as old model
2019-04-01 16:41:54,968 - __main__ - INFO - 13 - String replace nel file del checkpoint
2019-04-01 16:41:54,968 - __main__ - INFO - 	-- Destroy classification demon
2019-04-01 16:41:54,969 - __main__ - INFO - ++++++++++++++++++++++++++++++++++++++++++++
2019-04-01 16:41:54,969 - __main__ - INFO - 6 - Model Type : priority
2019-04-01 16:41:54,969 - __main__ - INFO - 7 - Check last date from the log date file
2019-04-01 16:41:54,969 - __main__ - INFO - 	-- File exists. Get data from there
2019-04-01 16:41:54,969 - __main__ - INFO - 8 - Create directories for new model
2019-04-01 16:41:54,969 - __main__ - INFO - 9 - Copy data dir from old model to the new one
2019-04-01 16:41:54,990 - __main__ - INFO - 10 - Open Training Script For user : antonio --------------------- 
2019-04-01 16:41:54,990 - __main__ - INFO - -----------------------------------------------------------------
2019-04-01 16:41:54,990 - __main__ - INFO - ------------------------Training Start---------------------------
2019-04-01 16:41:54,990 - __main__ - INFO - ** Initialization start... **
2019-04-01 16:41:54,990 - __main__ - INFO - 	MainPath - /home/questit/data/models_and_data/antonio/models/priority/model_new/
2019-04-01 16:41:54,990 - __main__ - INFO - 	Type - priority
2019-04-01 16:41:54,990 - __main__ - INFO - 	ConfigFile - /home/questit/assist_classifier/scripts/../ticket_classification/config//antonio/priority_config.json
2019-04-01 16:41:54,990 - __main__ - INFO - 	FromDate - 20190331
2019-04-01 16:41:54,990 - __main__ - INFO - 	ToDate - 20190401
2019-04-01 16:41:54,990 - __main__ - INFO - ** Initialization End **
2019-04-01 16:41:54,990 - __main__ - INFO - 1 - Load Configurations
2019-04-01 16:41:54,990 - __main__ - INFO - 	** Config for Classification
2019-04-01 16:41:54,991 - __main__ - INFO - 2 - Login In API
2019-04-01 16:41:54,991 - __main__ - INFO - --------------------------------
2019-04-01 16:41:54,991 - __main__ - INFO - ========= LOGIN ================
2019-04-01 16:41:54,991 - __main__ - INFO - 	-- Login to API URL : https://assist-prj.org/assist/api/v1/login
2019-04-01 16:41:55,016 - __main__ - INFO - 	-- Checking Status
2019-04-01 16:41:55,016 - __main__ - INFO - 	Status Code: 200 - OK
2019-04-01 16:41:55,016 - __main__ - INFO - 	-- Checking Cookies
2019-04-01 16:41:55,016 - __main__ - INFO - 	-- Checking Token
2019-04-01 16:41:55,017 - __main__ - INFO - 	-- Set Token
2019-04-01 16:41:55,017 - __main__ - INFO - 	-- Token Setted
2019-04-01 16:41:55,017 - __main__ - INFO - ========= LOGGED IN ================
2019-04-01 16:41:55,017 - __main__ - INFO - 3 - GET TICKETS FROM API
2019-04-01 16:41:55,017 - __main__ - INFO - ------------------------------------------
2019-04-01 16:41:55,017 - __main__ - INFO - ========= GET TICKETS START ============
2019-04-01 16:41:55,029 - __main__ - INFO - 	-- Checking Status
2019-04-01 16:41:55,029 - __main__ - INFO - 	Status Code: 200 - OK
2019-04-01 16:41:55,029 - __main__ - INFO - ========= GET TICKETS END ============
2019-04-01 16:41:55,029 - __main__ - INFO - ------------------------------------------
2019-04-01 16:41:55,029 - __main__ - INFO - 4 - REMOVE STOP WORDS FROM NEW TICKETS
2019-04-01 16:41:55,036 - __main__ - INFO - 5 - GET STORED DATA TICKETS
2019-04-01 16:41:55,200 - __main__ - INFO - 6 - MERGE THE DATA - STORED AND GATHERED
2019-04-01 16:41:55,203 - __main__ - INFO - 7 - REMOVE IDENTICAL TICKETS
2019-04-01 16:41:55,249 - __main__ - INFO - 8 - SAVING MERGED DATA
2019-04-01 16:41:55,327 - __main__ - INFO - 9 - EXTRACT WORDS FROM TICKETS
2019-04-01 16:41:58,651 - __main__ - INFO - 10 - BUILD NEW VOCABULARY
2019-04-01 16:41:59,135 - __main__ - INFO - *** Vocabulary saved
2019-04-01 16:41:59,135 - __main__ - INFO - 11 -- SPLIT DATA IN TRAINING AND TEST DATASET
2019-04-01 16:41:59,270 - __main__ - INFO - 12 - CREATE TICKETS AND TARGETS SEQUENCES
2019-04-01 16:42:02,643 - __main__ - ERROR - Error in training_model 'Tecnica'
2019-04-01 16:42:02,692 - __main__ - INFO - 11 - Evaluate new model and old model
2019-04-01 16:42:02,692 - __main__ - INFO - 1 - Create Configuration
2019-04-01 16:42:02,693 - __main__ - INFO - 2 - Load Data and Targets
2019-04-01 16:42:02,743 - __main__ - INFO - 3 - Load Model Vocabulary
2019-04-01 16:42:02,850 - __main__ - ERROR - Error in Evaluate the models 'Tecnica'
2019-04-01 16:42:02,858 - __main__ - INFO - 	-- EVALUATION : OLD Model has better performance
2019-04-01 16:42:02,858 - __main__ - INFO - 11 - Rename tickets and targets in model dir
2019-04-01 16:42:02,858 - __main__ - INFO - 12 - Move tickets and targets from new model to old model
2019-04-01 16:42:02,858 - __main__ - INFO - 13 - Remove new model directory
2019-04-01 16:42:02,860 - __main__ - INFO - ++++++++++++++++++++++++++++++++++++++++++++
2019-04-01 16:42:02,860 - __main__ - INFO - ++++++++++++++++++++++++++++++++++++++++++++
2019-04-01 16:42:02,860 - __main__ - INFO - 5 - User Selected : leonardo
2019-04-01 16:42:02,860 - __main__ - INFO - 6 - Model Type : category
2019-04-01 16:42:02,861 - __main__ - INFO - 7 - Check last date from the log date file
2019-04-01 16:42:02,861 - __main__ - INFO - 	-- File exists. Get data from there
2019-04-01 16:42:02,861 - __main__ - INFO - 8 - Create directories for new model
2019-04-01 16:42:02,861 - __main__ - INFO - 9 - Copy data dir from old model to the new one
2019-04-01 16:42:02,880 - __main__ - INFO - 10 - Open Training Script For user : leonardo --------------------- 
2019-04-01 16:42:02,880 - __main__ - INFO - -----------------------------------------------------------------
2019-04-01 16:42:02,880 - __main__ - INFO - ------------------------Training Start---------------------------
2019-04-01 16:42:02,880 - __main__ - INFO - ** Initialization start... **
2019-04-01 16:42:02,880 - __main__ - INFO - 	MainPath - /home/questit/data/models_and_data/leonardo/models/category/model_new/
2019-04-01 16:42:02,880 - __main__ - INFO - 	Type - category
2019-04-01 16:42:02,880 - __main__ - INFO - 	ConfigFile - /home/questit/assist_classifier/scripts/../ticket_classification/config//leonardo/category_config.json
2019-04-01 16:42:02,880 - __main__ - INFO - 	FromDate - 20190331
2019-04-01 16:42:02,880 - __main__ - INFO - 	ToDate - 20190401
2019-04-01 16:42:02,880 - __main__ - INFO - ** Initialization End **
2019-04-01 16:42:02,880 - __main__ - INFO - 1 - Load Configurations
2019-04-01 16:42:02,880 - __main__ - INFO - 	** Config for Classification
2019-04-01 16:42:02,881 - __main__ - INFO - 2 - Login In API
2019-04-01 16:42:02,881 - __main__ - INFO - --------------------------------
2019-04-01 16:42:02,881 - __main__ - INFO - ========= LOGIN ================
2019-04-01 16:42:02,881 - __main__ - INFO - 	-- Login to API URL : https://assist-prj.org/assist/api/v1/login
2019-04-01 16:42:02,905 - __main__ - INFO - 	-- Checking Status
2019-04-01 16:42:02,905 - __main__ - INFO - 	Status Code: 200 - OK
2019-04-01 16:42:02,905 - __main__ - INFO - 	-- Checking Cookies
2019-04-01 16:42:02,905 - __main__ - INFO - 	-- Checking Token
2019-04-01 16:42:02,906 - __main__ - INFO - 	-- Set Token
2019-04-01 16:42:02,906 - __main__ - INFO - 	-- Token Setted
2019-04-01 16:42:02,906 - __main__ - INFO - ========= LOGGED IN ================
2019-04-01 16:42:02,906 - __main__ - INFO - 3 - GET TICKETS FROM API
2019-04-01 16:42:02,906 - __main__ - INFO - ------------------------------------------
2019-04-01 16:42:02,906 - __main__ - INFO - ========= GET TICKETS START ============
2019-04-01 16:42:02,917 - __main__ - INFO - 	-- Checking Status
2019-04-01 16:42:02,917 - __main__ - INFO - 	Status Code: 200 - OK
2019-04-01 16:42:02,918 - __main__ - INFO - ========= GET TICKETS END ============
2019-04-01 16:42:02,918 - __main__ - INFO - ------------------------------------------
2019-04-01 16:42:02,918 - __main__ - INFO - 4 - REMOVE STOP WORDS FROM NEW TICKETS
2019-04-01 16:42:02,932 - __main__ - INFO - 5 - GET STORED DATA TICKETS
2019-04-01 16:42:03,084 - __main__ - INFO - 6 - MERGE THE DATA - STORED AND GATHERED
2019-04-01 16:42:03,086 - __main__ - INFO - 7 - REMOVE IDENTICAL TICKETS
2019-04-01 16:42:03,131 - __main__ - INFO - 8 - SAVING MERGED DATA
2019-04-01 16:42:03,205 - __main__ - INFO - 9 - EXTRACT WORDS FROM TICKETS
2019-04-01 16:42:06,545 - __main__ - INFO - 10 - BUILD NEW VOCABULARY
2019-04-01 16:42:06,999 - __main__ - INFO - *** Vocabulary saved
2019-04-01 16:42:06,999 - __main__ - INFO - 11 -- SPLIT DATA IN TRAINING AND TEST DATASET
2019-04-01 16:42:07,133 - __main__ - INFO - 12 - CREATE TICKETS AND TARGETS SEQUENCES
2019-04-01 16:42:10,506 - __main__ - INFO - 13 - FILTER OUT  DATA - Removing Token OOV
2019-04-01 16:42:10,579 - __main__ - INFO - 	*** Classe Cestino in Training : 7716
2019-04-01 16:42:10,579 - __main__ - INFO - 14 - SAVING TRAINING SEQUENCES
2019-04-01 16:42:13,036 - __main__ - INFO - 	*** Training Size : 70295

2019-04-01 16:42:13,036 - __main__ - INFO - 	*** Use pretrained Words Embedding
2019-04-01 16:42:18,935 - __main__ - INFO - 15 - START TRAINING
2019-04-01 16:55:38,306 - __main__ - INFO - ============ End =============
2019-04-01 16:55:38,306 - __main__ - INFO - --------------------------------
2019-04-01 16:55:38,307 - __main__ - INFO - ========= LOGOUT ================
2019-04-01 16:55:38,326 - __main__ - INFO - 	-- Checking Status
2019-04-01 16:55:38,326 - __main__ - INFO - 	Status Code: 200 - OK
2019-04-01 16:55:38,326 - __main__ - INFO - 	-- Reset Token
2019-04-01 16:55:38,326 - __main__ - INFO - ========= LOGGED OUT ================
2019-04-01 16:55:38,591 - __main__ - INFO - 11 - Evaluate new model and old model
2019-04-01 16:55:38,591 - __main__ - INFO - 1 - Create Configuration
2019-04-01 16:55:38,592 - __main__ - INFO - 2 - Load Data and Targets
2019-04-01 16:55:38,642 - __main__ - INFO - 3 - Load Model Vocabulary
2019-04-01 16:55:59,120 - __main__ - INFO - 	-- Old Model accuracy : 0.89985424
2019-04-01 16:55:59,120 - __main__ - INFO - 4 - Load New Model Vocabulary
2019-04-01 16:56:19,783 - __main__ - INFO - 	-- New Model accuracy : 0.89483136
2019-04-01 16:56:19,797 - __main__ - INFO - 	-- EVALUATION : OLD Model has better performance
2019-04-01 16:56:19,797 - __main__ - INFO - 11 - Rename tickets and targets in model dir
2019-04-01 16:56:19,798 - __main__ - INFO - 12 - Move tickets and targets from new model to old model
2019-04-01 16:56:19,798 - __main__ - INFO - 13 - Remove new model directory
2019-04-01 16:56:19,854 - __main__ - INFO - ++++++++++++++++++++++++++++++++++++++++++++
2019-04-01 16:56:19,854 - __main__ - INFO - 6 - Model Type : priority
2019-04-01 16:56:19,854 - __main__ - INFO - 7 - Check last date from the log date file
2019-04-01 16:56:19,855 - __main__ - INFO - 	-- File exists. Get data from there
2019-04-01 16:56:19,855 - __main__ - INFO - 8 - Create directories for new model
2019-04-01 16:56:19,855 - __main__ - INFO - 9 - Copy data dir from old model to the new one
2019-04-01 16:56:19,877 - __main__ - INFO - 10 - Open Training Script For user : leonardo --------------------- 
2019-04-01 16:56:19,877 - __main__ - INFO - -----------------------------------------------------------------
2019-04-01 16:56:19,877 - __main__ - INFO - ------------------------Training Start---------------------------
2019-04-01 16:56:19,877 - __main__ - INFO - ** Initialization start... **
2019-04-01 16:56:19,877 - __main__ - INFO - 	MainPath - /home/questit/data/models_and_data/leonardo/models/priority/model_new/
2019-04-01 16:56:19,877 - __main__ - INFO - 	Type - priority
2019-04-01 16:56:19,877 - __main__ - INFO - 	ConfigFile - /home/questit/assist_classifier/scripts/../ticket_classification/config//leonardo/priority_config.json
2019-04-01 16:56:19,877 - __main__ - INFO - 	FromDate - 20190331
2019-04-01 16:56:19,877 - __main__ - INFO - 	ToDate - 20190401
2019-04-01 16:56:19,878 - __main__ - INFO - ** Initialization End **
2019-04-01 16:56:19,878 - __main__ - INFO - 1 - Load Configurations
2019-04-01 16:56:19,878 - __main__ - INFO - 	** Config for Classification
2019-04-01 16:56:19,878 - __main__ - INFO - 2 - Login In API
2019-04-01 16:56:19,878 - __main__ - INFO - --------------------------------
2019-04-01 16:56:19,878 - __main__ - INFO - ========= LOGIN ================
2019-04-01 16:56:19,878 - __main__ - INFO - 	-- Login to API URL : https://assist-prj.org/assist/api/v1/login
2019-04-01 16:56:19,904 - __main__ - INFO - 	-- Checking Status
2019-04-01 16:56:19,904 - __main__ - INFO - 	Status Code: 200 - OK
2019-04-01 16:56:19,904 - __main__ - INFO - 	-- Checking Cookies
2019-04-01 16:56:19,904 - __main__ - INFO - 	-- Checking Token
2019-04-01 16:56:19,904 - __main__ - INFO - 	-- Set Token
2019-04-01 16:56:19,904 - __main__ - INFO - 	-- Token Setted
2019-04-01 16:56:19,904 - __main__ - INFO - ========= LOGGED IN ================
2019-04-01 16:56:19,904 - __main__ - INFO - 3 - GET TICKETS FROM API
2019-04-01 16:56:19,904 - __main__ - INFO - ------------------------------------------
2019-04-01 16:56:19,904 - __main__ - INFO - ========= GET TICKETS START ============
2019-04-01 16:56:19,918 - __main__ - INFO - 	-- Checking Status
2019-04-01 16:56:19,918 - __main__ - INFO - 	Status Code: 200 - OK
2019-04-01 16:56:19,918 - __main__ - INFO - ========= GET TICKETS END ============
2019-04-01 16:56:19,918 - __main__ - INFO - ------------------------------------------
2019-04-01 16:56:19,918 - __main__ - INFO - 4 - REMOVE STOP WORDS FROM NEW TICKETS
2019-04-01 16:56:19,932 - __main__ - INFO - 5 - GET STORED DATA TICKETS
2019-04-01 16:56:20,093 - __main__ - INFO - 6 - MERGE THE DATA - STORED AND GATHERED
2019-04-01 16:56:20,095 - __main__ - INFO - 7 - REMOVE IDENTICAL TICKETS
2019-04-01 16:56:20,139 - __main__ - INFO - 8 - SAVING MERGED DATA
2019-04-01 16:56:20,223 - __main__ - INFO - 9 - EXTRACT WORDS FROM TICKETS
2019-04-01 16:56:25,123 - __main__ - INFO - 10 - BUILD NEW VOCABULARY
2019-04-01 16:56:25,827 - __main__ - INFO - *** Vocabulary saved
2019-04-01 16:56:25,827 - __main__ - INFO - 11 -- SPLIT DATA IN TRAINING AND TEST DATASET
2019-04-01 16:56:25,952 - __main__ - INFO - 12 - CREATE TICKETS AND TARGETS SEQUENCES
2019-04-01 16:56:30,723 - __main__ - ERROR - Error in training_model 1
2019-04-01 16:56:30,788 - __main__ - INFO - 11 - Evaluate new model and old model
2019-04-01 16:56:30,789 - __main__ - INFO - 1 - Create Configuration
2019-04-01 16:56:30,789 - __main__ - INFO - 2 - Load Data and Targets
2019-04-01 16:56:30,843 - __main__ - INFO - 3 - Load Model Vocabulary
2019-04-01 16:56:51,979 - __main__ - INFO - 	-- Old Model accuracy : 0.9609359
2019-04-01 16:56:51,979 - __main__ - INFO - 4 - Load New Model Vocabulary
2019-04-01 16:57:00,858 - __main__ - ERROR - Error in Evaluate the models Can't load save_path when it is None.
2019-04-01 16:57:01,080 - __main__ - INFO - 	-- EVALUATION : OLD Model has better performance
2019-04-01 16:57:01,080 - __main__ - INFO - 11 - Rename tickets and targets in model dir
2019-04-01 16:57:01,080 - __main__ - INFO - 12 - Move tickets and targets from new model to old model
2019-04-01 16:57:01,080 - __main__ - INFO - 13 - Remove new model directory
2019-04-01 16:57:01,083 - __main__ - INFO - ++++++++++++++++++++++++++++++++++++++++++++
2019-04-01 16:57:01,083 - __main__ - INFO - 14 - Update date
2019-04-01 16:57:01,083 - __main__ - INFO - 15 - Delete PID File
2019-04-01 16:57:01,083 - __main__ - INFO - ------------------------------------------------------

2019-04-02 07:04:10,083 - __main__ - INFO - ------------------------------------------------------
2019-04-02 07:04:10,083 - __main__ - INFO - 1 - Training Script
2019-04-02 07:04:10,083 - __main__ - INFO - 2 - Check Demon Existence
2019-04-02 07:04:10,083 - __main__ - INFO - 3 - Create Training PID file
2019-04-02 07:04:10,084 - __main__ - INFO - 4 - Load Configuration
2019-04-02 07:04:10,084 - __main__ - INFO - ++++++++++++++++++++++++++++++++++++++++++++
2019-04-02 07:04:10,084 - __main__ - INFO - 5 - User Selected : antonio
2019-04-02 07:04:10,084 - __main__ - INFO - 6 - Model Type : category
2019-04-02 07:04:10,084 - __main__ - INFO - 7 - Check last date from the log date file
2019-04-02 07:04:10,084 - __main__ - INFO - 	-- File exists. Get data from there
2019-04-02 07:04:10,084 - __main__ - INFO - 8 - Create directories for new model
2019-04-02 07:04:10,085 - __main__ - INFO - 9 - Copy data dir from old model to the new one
2019-04-02 07:04:10,108 - __main__ - INFO - 10 - Open Training Script For user : antonio --------------------- 
2019-04-02 07:04:10,108 - __main__ - INFO - -----------------------------------------------------------------
2019-04-02 07:04:10,108 - __main__ - INFO - ------------------------Training Start---------------------------
2019-04-02 07:04:10,108 - __main__ - INFO - ** Initialization start... **
2019-04-02 07:04:10,108 - __main__ - INFO - 	MainPath - /home/questit/data/models_and_data/antonio/models/category/model_new/
2019-04-02 07:04:10,108 - __main__ - INFO - 	Type - category
2019-04-02 07:04:10,109 - __main__ - INFO - 	ConfigFile - /home/questit/assist_classifier/scripts/../ticket_classification/config//antonio/category_config.json
2019-04-02 07:04:10,109 - __main__ - INFO - 	FromDate - 20190401
2019-04-02 07:04:10,109 - __main__ - INFO - 	ToDate - 20190402
2019-04-02 07:04:10,109 - __main__ - INFO - ** Initialization End **
2019-04-02 07:04:10,109 - __main__ - INFO - 1 - Load Configurations
2019-04-02 07:04:10,109 - __main__ - INFO - 	** Config for Classification
2019-04-02 07:04:10,109 - __main__ - INFO - 2 - Login In API
2019-04-02 07:04:10,109 - __main__ - INFO - --------------------------------
2019-04-02 07:04:10,109 - __main__ - INFO - ========= LOGIN ================
2019-04-02 07:04:10,109 - __main__ - INFO - 	-- Login to API URL : https://assist-prj.org/assist/api/v1/login
2019-04-02 07:04:10,221 - __main__ - INFO - 	-- Checking Status
2019-04-02 07:04:10,221 - __main__ - INFO - 	Status Code: 200 - OK
2019-04-02 07:04:10,221 - __main__ - INFO - 	-- Checking Cookies
2019-04-02 07:04:10,221 - __main__ - INFO - 	-- Checking Token
2019-04-02 07:04:10,221 - __main__ - INFO - 	-- Set Token
2019-04-02 07:04:10,221 - __main__ - INFO - 	-- Token Setted
2019-04-02 07:04:10,222 - __main__ - INFO - ========= LOGGED IN ================
2019-04-02 07:04:10,222 - __main__ - INFO - 3 - GET TICKETS FROM API
2019-04-02 07:04:10,222 - __main__ - INFO - ------------------------------------------
2019-04-02 07:04:10,222 - __main__ - INFO - ========= GET TICKETS START ============
2019-04-02 07:04:10,235 - __main__ - INFO - 	-- Checking Status
2019-04-02 07:04:10,235 - __main__ - INFO - 	Status Code: 200 - OK
2019-04-02 07:04:10,235 - __main__ - INFO - ========= GET TICKETS END ============
2019-04-02 07:04:10,235 - __main__ - INFO - ------------------------------------------
2019-04-02 07:04:10,235 - __main__ - INFO - 4 - REMOVE STOP WORDS FROM NEW TICKETS
2019-04-02 07:04:10,253 - __main__ - INFO - 5 - GET STORED DATA TICKETS
2019-04-02 07:04:10,409 - __main__ - INFO - 6 - MERGE THE DATA - STORED AND GATHERED
2019-04-02 07:04:10,411 - __main__ - INFO - 7 - REMOVE IDENTICAL TICKETS
2019-04-02 07:04:10,456 - __main__ - INFO - 8 - SAVING MERGED DATA
2019-04-02 07:04:10,529 - __main__ - INFO - 9 - EXTRACT WORDS FROM TICKETS
2019-04-02 07:04:13,869 - __main__ - INFO - 10 - BUILD NEW VOCABULARY
2019-04-02 07:04:14,342 - __main__ - INFO - *** Vocabulary saved
2019-04-02 07:04:14,342 - __main__ - INFO - 11 -- SPLIT DATA IN TRAINING AND TEST DATASET
2019-04-02 07:04:14,474 - __main__ - INFO - 12 - CREATE TICKETS AND TARGETS SEQUENCES
2019-04-02 07:04:17,965 - __main__ - INFO - 13 - FILTER OUT  DATA - Removing Token OOV
2019-04-02 07:04:18,037 - __main__ - INFO - 	*** Classe Cestino in Training : 7700
2019-04-02 07:04:18,037 - __main__ - INFO - 14 - SAVING TRAINING SEQUENCES
2019-04-02 07:04:20,568 - __main__ - INFO - 	*** Training Size : 70306

2019-04-02 07:04:20,568 - __main__ - INFO - 	*** Use pretrained Words Embedding
2019-04-02 07:04:26,610 - __main__ - INFO - 15 - START TRAINING
2019-04-02 08:12:18,479 - __main__ - INFO - ============ End =============
2019-04-02 08:12:18,479 - __main__ - INFO - --------------------------------
2019-04-02 08:12:18,479 - __main__ - INFO - ========= LOGOUT ================
2019-04-02 08:12:18,576 - __main__ - INFO - 	-- Checking Status
2019-04-02 08:12:18,576 - __main__ - INFO - 	Status Code: 200 - OK
2019-04-02 08:12:18,576 - __main__ - INFO - 	-- Reset Token
2019-04-02 08:12:18,576 - __main__ - INFO - ========= LOGGED OUT ================
2019-04-02 08:12:18,829 - __main__ - INFO - 11 - Evaluate new model and old model
2019-04-02 08:12:18,830 - __main__ - INFO - 1 - Create Configuration
2019-04-02 08:12:18,830 - __main__ - INFO - 2 - Load Data and Targets
2019-04-02 08:12:18,881 - __main__ - INFO - 3 - Load Model Vocabulary
2019-04-02 08:12:39,218 - __main__ - INFO - 	-- Old Model accuracy : 0.9076807
2019-04-02 08:12:39,219 - __main__ - INFO - 4 - Load New Model Vocabulary
2019-04-02 08:12:59,800 - __main__ - INFO - 	-- New Model accuracy : 0.9046875
2019-04-02 08:12:59,812 - __main__ - INFO - 	-- EVALUATION : OLD Model has better performance
2019-04-02 08:12:59,812 - __main__ - INFO - 11 - Rename tickets and targets in model dir
2019-04-02 08:12:59,812 - __main__ - INFO - 12 - Move tickets and targets from new model to old model
2019-04-02 08:12:59,812 - __main__ - INFO - 13 - Remove new model directory
2019-04-02 08:12:59,867 - __main__ - INFO - ++++++++++++++++++++++++++++++++++++++++++++
2019-04-02 08:12:59,868 - __main__ - INFO - 6 - Model Type : priority
2019-04-02 08:12:59,868 - __main__ - INFO - 7 - Check last date from the log date file
2019-04-02 08:12:59,868 - __main__ - INFO - 	-- File exists. Get data from there
2019-04-02 08:12:59,868 - __main__ - INFO - 8 - Create directories for new model
2019-04-02 08:12:59,868 - __main__ - INFO - 9 - Copy data dir from old model to the new one
2019-04-02 08:12:59,891 - __main__ - INFO - 10 - Open Training Script For user : antonio --------------------- 
2019-04-02 08:12:59,891 - __main__ - INFO - -----------------------------------------------------------------
2019-04-02 08:12:59,891 - __main__ - INFO - ------------------------Training Start---------------------------
2019-04-02 08:12:59,891 - __main__ - INFO - ** Initialization start... **
2019-04-02 08:12:59,891 - __main__ - INFO - 	MainPath - /home/questit/data/models_and_data/antonio/models/priority/model_new/
2019-04-02 08:12:59,891 - __main__ - INFO - 	Type - priority
2019-04-02 08:12:59,891 - __main__ - INFO - 	ConfigFile - /home/questit/assist_classifier/scripts/../ticket_classification/config//antonio/priority_config.json
2019-04-02 08:12:59,891 - __main__ - INFO - 	FromDate - 20190401
2019-04-02 08:12:59,891 - __main__ - INFO - 	ToDate - 20190402
2019-04-02 08:12:59,892 - __main__ - INFO - ** Initialization End **
2019-04-02 08:12:59,892 - __main__ - INFO - 1 - Load Configurations
2019-04-02 08:12:59,892 - __main__ - INFO - 	** Config for Classification
2019-04-02 08:12:59,892 - __main__ - INFO - 2 - Login In API
2019-04-02 08:12:59,892 - __main__ - INFO - --------------------------------
2019-04-02 08:12:59,892 - __main__ - INFO - ========= LOGIN ================
2019-04-02 08:12:59,892 - __main__ - INFO - 	-- Login to API URL : https://assist-prj.org/assist/api/v1/login
2019-04-02 08:12:59,917 - __main__ - INFO - 	-- Checking Status
2019-04-02 08:12:59,917 - __main__ - INFO - 	Status Code: 200 - OK
2019-04-02 08:12:59,917 - __main__ - INFO - 	-- Checking Cookies
2019-04-02 08:12:59,917 - __main__ - INFO - 	-- Checking Token
2019-04-02 08:12:59,917 - __main__ - INFO - 	-- Set Token
2019-04-02 08:12:59,917 - __main__ - INFO - 	-- Token Setted
2019-04-02 08:12:59,917 - __main__ - INFO - ========= LOGGED IN ================
2019-04-02 08:12:59,917 - __main__ - INFO - 3 - GET TICKETS FROM API
2019-04-02 08:12:59,917 - __main__ - INFO - ------------------------------------------
2019-04-02 08:12:59,917 - __main__ - INFO - ========= GET TICKETS START ============
2019-04-02 08:12:59,931 - __main__ - INFO - 	-- Checking Status
2019-04-02 08:12:59,932 - __main__ - INFO - 	Status Code: 200 - OK
2019-04-02 08:12:59,932 - __main__ - INFO - ========= GET TICKETS END ============
2019-04-02 08:12:59,932 - __main__ - INFO - ------------------------------------------
2019-04-02 08:12:59,932 - __main__ - INFO - 4 - REMOVE STOP WORDS FROM NEW TICKETS
2019-04-02 08:12:59,938 - __main__ - INFO - 5 - GET STORED DATA TICKETS
2019-04-02 08:13:00,102 - __main__ - INFO - 6 - MERGE THE DATA - STORED AND GATHERED
2019-04-02 08:13:00,104 - __main__ - INFO - 7 - REMOVE IDENTICAL TICKETS
2019-04-02 08:13:00,147 - __main__ - INFO - 8 - SAVING MERGED DATA
2019-04-02 08:13:00,229 - __main__ - INFO - 9 - EXTRACT WORDS FROM TICKETS
2019-04-02 08:13:05,067 - __main__ - INFO - 10 - BUILD NEW VOCABULARY
2019-04-02 08:13:05,767 - __main__ - INFO - *** Vocabulary saved
2019-04-02 08:13:05,767 - __main__ - INFO - 11 -- SPLIT DATA IN TRAINING AND TEST DATASET
2019-04-02 08:13:05,891 - __main__ - INFO - 12 - CREATE TICKETS AND TARGETS SEQUENCES
2019-04-02 08:13:10,570 - __main__ - ERROR - Error in training_model 1
2019-04-02 08:13:10,634 - __main__ - INFO - 11 - Evaluate new model and old model
2019-04-02 08:13:10,634 - __main__ - INFO - 1 - Create Configuration
2019-04-02 08:13:10,634 - __main__ - INFO - 2 - Load Data and Targets
2019-04-02 08:13:10,688 - __main__ - INFO - 3 - Load Model Vocabulary
2019-04-02 08:13:32,022 - __main__ - INFO - 	-- Old Model accuracy : 0.9603082
2019-04-02 08:13:32,023 - __main__ - INFO - 4 - Load New Model Vocabulary
2019-04-02 08:13:40,768 - __main__ - ERROR - Error in Evaluate the models Can't load save_path when it is None.
2019-04-02 08:13:40,988 - __main__ - INFO - 	-- EVALUATION : OLD Model has better performance
2019-04-02 08:13:40,989 - __main__ - INFO - 11 - Rename tickets and targets in model dir
2019-04-02 08:13:40,989 - __main__ - INFO - 12 - Move tickets and targets from new model to old model
2019-04-02 08:13:40,989 - __main__ - INFO - 13 - Remove new model directory
2019-04-02 08:13:40,991 - __main__ - INFO - ++++++++++++++++++++++++++++++++++++++++++++
2019-04-02 08:13:40,991 - __main__ - INFO - ++++++++++++++++++++++++++++++++++++++++++++
2019-04-02 08:13:40,991 - __main__ - INFO - 5 - User Selected : leonardo
2019-04-02 08:13:40,992 - __main__ - INFO - 6 - Model Type : category
2019-04-02 08:13:40,992 - __main__ - INFO - 7 - Check last date from the log date file
2019-04-02 08:13:40,992 - __main__ - INFO - 	-- File exists. Get data from there
2019-04-02 08:13:40,992 - __main__ - INFO - 8 - Create directories for new model
2019-04-02 08:13:40,992 - __main__ - INFO - 9 - Copy data dir from old model to the new one
2019-04-02 08:13:41,020 - __main__ - INFO - 10 - Open Training Script For user : leonardo --------------------- 
2019-04-02 08:13:41,020 - __main__ - INFO - -----------------------------------------------------------------
2019-04-02 08:13:41,020 - __main__ - INFO - ------------------------Training Start---------------------------
2019-04-02 08:13:41,020 - __main__ - INFO - ** Initialization start... **
2019-04-02 08:13:41,020 - __main__ - INFO - 	MainPath - /home/questit/data/models_and_data/leonardo/models/category/model_new/
2019-04-02 08:13:41,020 - __main__ - INFO - 	Type - category
2019-04-02 08:13:41,020 - __main__ - INFO - 	ConfigFile - /home/questit/assist_classifier/scripts/../ticket_classification/config//leonardo/category_config.json
2019-04-02 08:13:41,020 - __main__ - INFO - 	FromDate - 20190401
2019-04-02 08:13:41,020 - __main__ - INFO - 	ToDate - 20190402
2019-04-02 08:13:41,021 - __main__ - INFO - ** Initialization End **
2019-04-02 08:13:41,021 - __main__ - INFO - 1 - Load Configurations
2019-04-02 08:13:41,021 - __main__ - INFO - 	** Config for Classification
2019-04-02 08:13:41,021 - __main__ - INFO - 2 - Login In API
2019-04-02 08:13:41,021 - __main__ - INFO - --------------------------------
2019-04-02 08:13:41,021 - __main__ - INFO - ========= LOGIN ================
2019-04-02 08:13:41,021 - __main__ - INFO - 	-- Login to API URL : https://assist-prj.org/assist/api/v1/login
2019-04-02 08:13:41,046 - __main__ - INFO - 	-- Checking Status
2019-04-02 08:13:41,046 - __main__ - INFO - 	Status Code: 200 - OK
2019-04-02 08:13:41,046 - __main__ - INFO - 	-- Checking Cookies
2019-04-02 08:13:41,046 - __main__ - INFO - 	-- Checking Token
2019-04-02 08:13:41,046 - __main__ - INFO - 	-- Set Token
2019-04-02 08:13:41,046 - __main__ - INFO - 	-- Token Setted
2019-04-02 08:13:41,046 - __main__ - INFO - ========= LOGGED IN ================
2019-04-02 08:13:41,046 - __main__ - INFO - 3 - GET TICKETS FROM API
2019-04-02 08:13:41,046 - __main__ - INFO - ------------------------------------------
2019-04-02 08:13:41,046 - __main__ - INFO - ========= GET TICKETS START ============
2019-04-02 08:13:41,058 - __main__ - INFO - 	-- Checking Status
2019-04-02 08:13:41,058 - __main__ - INFO - 	Status Code: 200 - OK
2019-04-02 08:13:41,058 - __main__ - INFO - ========= GET TICKETS END ============
2019-04-02 08:13:41,058 - __main__ - INFO - ------------------------------------------
2019-04-02 08:13:41,058 - __main__ - INFO - 4 - REMOVE STOP WORDS FROM NEW TICKETS
2019-04-02 08:13:41,073 - __main__ - INFO - 5 - GET STORED DATA TICKETS
2019-04-02 08:13:41,226 - __main__ - INFO - 6 - MERGE THE DATA - STORED AND GATHERED
2019-04-02 08:13:41,229 - __main__ - INFO - 7 - REMOVE IDENTICAL TICKETS
2019-04-02 08:13:41,275 - __main__ - INFO - 8 - SAVING MERGED DATA
2019-04-02 08:13:41,354 - __main__ - INFO - 9 - EXTRACT WORDS FROM TICKETS
2019-04-02 08:13:44,687 - __main__ - INFO - 10 - BUILD NEW VOCABULARY
2019-04-02 08:13:45,172 - __main__ - INFO - *** Vocabulary saved
2019-04-02 08:13:45,172 - __main__ - INFO - 11 -- SPLIT DATA IN TRAINING AND TEST DATASET
2019-04-02 08:13:45,308 - __main__ - INFO - 12 - CREATE TICKETS AND TARGETS SEQUENCES
2019-04-02 08:13:48,762 - __main__ - INFO - 13 - FILTER OUT  DATA - Removing Token OOV
2019-04-02 08:13:48,834 - __main__ - INFO - 	*** Classe Cestino in Training : 7764
2019-04-02 08:13:48,834 - __main__ - INFO - 14 - SAVING TRAINING SEQUENCES
2019-04-02 08:13:51,310 - __main__ - INFO - 	*** Training Size : 70248

2019-04-02 08:13:51,310 - __main__ - INFO - 	*** Use pretrained Words Embedding
2019-04-02 08:13:57,292 - __main__ - INFO - 15 - START TRAINING
2019-04-02 08:27:40,181 - __main__ - INFO - ============ End =============
2019-04-02 08:27:40,181 - __main__ - INFO - --------------------------------
2019-04-02 08:27:40,181 - __main__ - INFO - ========= LOGOUT ================
2019-04-02 08:27:40,200 - __main__ - INFO - 	-- Checking Status
2019-04-02 08:27:40,201 - __main__ - INFO - 	Status Code: 200 - OK
2019-04-02 08:27:40,201 - __main__ - INFO - 	-- Reset Token
2019-04-02 08:27:40,201 - __main__ - INFO - ========= LOGGED OUT ================
2019-04-02 08:27:40,535 - __main__ - INFO - 11 - Evaluate new model and old model
2019-04-02 08:27:40,535 - __main__ - INFO - 1 - Create Configuration
2019-04-02 08:27:40,536 - __main__ - INFO - 2 - Load Data and Targets
2019-04-02 08:27:40,588 - __main__ - INFO - 3 - Load Model Vocabulary
2019-04-02 08:28:01,301 - __main__ - INFO - 	-- Old Model accuracy : 0.9013663
2019-04-02 08:28:01,302 - __main__ - INFO - 4 - Load New Model Vocabulary
2019-04-02 08:28:21,340 - __main__ - INFO - 	-- New Model accuracy : 0.8953286
2019-04-02 08:28:21,351 - __main__ - INFO - 	-- EVALUATION : OLD Model has better performance
2019-04-02 08:28:21,351 - __main__ - INFO - 11 - Rename tickets and targets in model dir
2019-04-02 08:28:21,359 - __main__ - INFO - 12 - Move tickets and targets from new model to old model
2019-04-02 08:28:21,359 - __main__ - INFO - 13 - Remove new model directory
2019-04-02 08:28:21,415 - __main__ - INFO - ++++++++++++++++++++++++++++++++++++++++++++
2019-04-02 08:28:21,415 - __main__ - INFO - 6 - Model Type : priority
2019-04-02 08:28:21,416 - __main__ - INFO - 7 - Check last date from the log date file
2019-04-02 08:28:21,416 - __main__ - INFO - 	-- File exists. Get data from there
2019-04-02 08:28:21,416 - __main__ - INFO - 8 - Create directories for new model
2019-04-02 08:28:21,416 - __main__ - INFO - 9 - Copy data dir from old model to the new one
2019-04-02 08:28:21,450 - __main__ - INFO - 10 - Open Training Script For user : leonardo --------------------- 
2019-04-02 08:28:21,450 - __main__ - INFO - -----------------------------------------------------------------
2019-04-02 08:28:21,450 - __main__ - INFO - ------------------------Training Start---------------------------
2019-04-02 08:28:21,450 - __main__ - INFO - ** Initialization start... **
2019-04-02 08:28:21,450 - __main__ - INFO - 	MainPath - /home/questit/data/models_and_data/leonardo/models/priority/model_new/
2019-04-02 08:28:21,450 - __main__ - INFO - 	Type - priority
2019-04-02 08:28:21,450 - __main__ - INFO - 	ConfigFile - /home/questit/assist_classifier/scripts/../ticket_classification/config//leonardo/priority_config.json
2019-04-02 08:28:21,451 - __main__ - INFO - 	FromDate - 20190401
2019-04-02 08:28:21,451 - __main__ - INFO - 	ToDate - 20190402
2019-04-02 08:28:21,451 - __main__ - INFO - ** Initialization End **
2019-04-02 08:28:21,451 - __main__ - INFO - 1 - Load Configurations
2019-04-02 08:28:21,451 - __main__ - INFO - 	** Config for Classification
2019-04-02 08:28:21,451 - __main__ - INFO - 2 - Login In API
2019-04-02 08:28:21,451 - __main__ - INFO - --------------------------------
2019-04-02 08:28:21,451 - __main__ - INFO - ========= LOGIN ================
2019-04-02 08:28:21,451 - __main__ - INFO - 	-- Login to API URL : https://assist-prj.org/assist/api/v1/login
2019-04-02 08:28:21,478 - __main__ - INFO - 	-- Checking Status
2019-04-02 08:28:21,478 - __main__ - INFO - 	Status Code: 200 - OK
2019-04-02 08:28:21,478 - __main__ - INFO - 	-- Checking Cookies
2019-04-02 08:28:21,478 - __main__ - INFO - 	-- Checking Token
2019-04-02 08:28:21,478 - __main__ - INFO - 	-- Set Token
2019-04-02 08:28:21,478 - __main__ - INFO - 	-- Token Setted
2019-04-02 08:28:21,478 - __main__ - INFO - ========= LOGGED IN ================
2019-04-02 08:28:21,478 - __main__ - INFO - 3 - GET TICKETS FROM API
2019-04-02 08:28:21,478 - __main__ - INFO - ------------------------------------------
2019-04-02 08:28:21,479 - __main__ - INFO - ========= GET TICKETS START ============
2019-04-02 08:28:21,490 - __main__ - INFO - 	-- Checking Status
2019-04-02 08:28:21,490 - __main__ - INFO - 	Status Code: 200 - OK
2019-04-02 08:28:21,490 - __main__ - INFO - ========= GET TICKETS END ============
2019-04-02 08:28:21,490 - __main__ - INFO - ------------------------------------------
2019-04-02 08:28:21,490 - __main__ - INFO - 4 - REMOVE STOP WORDS FROM NEW TICKETS
2019-04-02 08:28:21,504 - __main__ - INFO - 5 - GET STORED DATA TICKETS
2019-04-02 08:28:21,665 - __main__ - INFO - 6 - MERGE THE DATA - STORED AND GATHERED
2019-04-02 08:28:21,666 - __main__ - INFO - 7 - REMOVE IDENTICAL TICKETS
2019-04-02 08:28:21,709 - __main__ - INFO - 8 - SAVING MERGED DATA
2019-04-02 08:28:21,790 - __main__ - INFO - 9 - EXTRACT WORDS FROM TICKETS
2019-04-02 08:28:26,620 - __main__ - INFO - 10 - BUILD NEW VOCABULARY
2019-04-02 08:28:27,327 - __main__ - INFO - *** Vocabulary saved
2019-04-02 08:28:27,327 - __main__ - INFO - 11 -- SPLIT DATA IN TRAINING AND TEST DATASET
2019-04-02 08:28:27,452 - __main__ - INFO - 12 - CREATE TICKETS AND TARGETS SEQUENCES
2019-04-02 08:28:32,126 - __main__ - ERROR - Error in training_model 1
2019-04-02 08:28:32,190 - __main__ - INFO - 11 - Evaluate new model and old model
2019-04-02 08:28:32,190 - __main__ - INFO - 1 - Create Configuration
2019-04-02 08:28:32,191 - __main__ - INFO - 2 - Load Data and Targets
2019-04-02 08:28:32,245 - __main__ - INFO - 3 - Load Model Vocabulary
2019-04-02 08:28:53,649 - __main__ - INFO - 	-- Old Model accuracy : 0.96160954
2019-04-02 08:28:53,649 - __main__ - INFO - 4 - Load New Model Vocabulary
2019-04-02 08:29:02,036 - __main__ - ERROR - Error in Evaluate the models Can't load save_path when it is None.
2019-04-02 08:29:02,254 - __main__ - INFO - 	-- EVALUATION : OLD Model has better performance
2019-04-02 08:29:02,254 - __main__ - INFO - 11 - Rename tickets and targets in model dir
2019-04-02 08:29:02,262 - __main__ - INFO - 12 - Move tickets and targets from new model to old model
2019-04-02 08:29:02,262 - __main__ - INFO - 13 - Remove new model directory
2019-04-02 08:29:02,266 - __main__ - INFO - ++++++++++++++++++++++++++++++++++++++++++++
2019-04-02 08:29:02,266 - __main__ - INFO - 14 - Update date
2019-04-02 08:29:02,266 - __main__ - INFO - 15 - Delete PID File
2019-04-02 08:29:02,266 - __main__ - INFO - ------------------------------------------------------

2019-04-02 08:40:56,479 - __main__ - INFO - ------------------------------------------------------
2019-04-02 08:40:56,480 - __main__ - INFO - 1 - Training Script
2019-04-02 08:40:56,480 - __main__ - INFO - 2 - Check Demon Existence
2019-04-02 08:40:56,480 - __main__ - INFO - 3 - Create Training PID file
2019-04-02 08:40:56,480 - __main__ - INFO - 4 - Load Configuration
2019-04-02 08:40:56,480 - __main__ - INFO - ++++++++++++++++++++++++++++++++++++++++++++
2019-04-02 08:40:56,480 - __main__ - INFO - 5 - User Selected : antonio
2019-04-02 08:40:56,480 - __main__ - INFO - 6 - Model Type : category
2019-04-02 08:40:56,480 - __main__ - INFO - 7 - Check last date from the log date file
2019-04-02 08:40:56,481 - __main__ - INFO - 	-- File exists. Get data from there
2019-04-02 08:40:56,481 - __main__ - INFO - 8 - Create directories for new model
2019-04-02 08:40:56,481 - __main__ - INFO - 9 - Copy data dir from old model to the new one
2019-04-02 08:40:56,508 - __main__ - INFO - 10 - Open Training Script For user : antonio --------------------- 
2019-04-02 08:40:56,509 - __main__ - INFO - -----------------------------------------------------------------
2019-04-02 08:40:56,509 - __main__ - INFO - ------------------------Training Start---------------------------
2019-04-02 08:40:56,509 - __main__ - INFO - ** Initialization start... **
2019-04-02 08:40:56,509 - __main__ - INFO - 	MainPath - /home/questit/data/models_and_data/antonio/models/category/model_new/
2019-04-02 08:40:56,509 - __main__ - INFO - 	Type - category
2019-04-02 08:40:56,509 - __main__ - INFO - 	ConfigFile - /home/questit/assist_classifier/scripts/../ticket_classification/config//antonio/category_config.json
2019-04-02 08:40:56,509 - __main__ - INFO - 	FromDate - 20190401
2019-04-02 08:40:56,509 - __main__ - INFO - 	ToDate - 20190402
2019-04-02 08:40:56,509 - __main__ - INFO - ** Initialization End **
2019-04-02 08:40:56,509 - __main__ - INFO - 1 - Load Configurations
2019-04-02 08:40:56,509 - __main__ - INFO - 	** Config for Classification
2019-04-02 08:40:56,510 - __main__ - INFO - 2 - Login In API
2019-04-02 08:40:56,510 - __main__ - INFO - --------------------------------
2019-04-02 08:40:56,510 - __main__ - INFO - ========= LOGIN ================
2019-04-02 08:40:56,510 - __main__ - INFO - 	-- Login to API URL : https://assist-prj.org/assist/api/v1/login
2019-04-02 08:40:56,536 - __main__ - INFO - 	-- Checking Status
2019-04-02 08:40:56,536 - __main__ - INFO - 	Status Code: 200 - OK
2019-04-02 08:40:56,536 - __main__ - INFO - 	-- Checking Cookies
2019-04-02 08:40:56,536 - __main__ - INFO - 	-- Checking Token
2019-04-02 08:40:56,536 - __main__ - INFO - 	-- Set Token
2019-04-02 08:40:56,536 - __main__ - INFO - 	-- Token Setted
2019-04-02 08:40:56,537 - __main__ - INFO - ========= LOGGED IN ================
2019-04-02 08:40:56,537 - __main__ - INFO - 3 - GET TICKETS FROM API
2019-04-02 08:40:56,537 - __main__ - INFO - ------------------------------------------
2019-04-02 08:40:56,537 - __main__ - INFO - ========= GET TICKETS START ============
2019-04-02 08:40:56,549 - __main__ - INFO - 	-- Checking Status
2019-04-02 08:40:56,549 - __main__ - INFO - 	Status Code: 200 - OK
2019-04-02 08:40:56,549 - __main__ - INFO - ========= GET TICKETS END ============
2019-04-02 08:40:56,549 - __main__ - INFO - ------------------------------------------
2019-04-02 08:40:56,550 - __main__ - INFO - 4 - REMOVE STOP WORDS FROM NEW TICKETS
2019-04-02 08:40:56,569 - __main__ - INFO - 5 - GET STORED DATA TICKETS
2019-04-02 08:40:56,728 - __main__ - INFO - 6 - MERGE THE DATA - STORED AND GATHERED
2019-04-02 08:40:56,731 - __main__ - INFO - 7 - REMOVE IDENTICAL TICKETS
2019-04-02 08:40:56,776 - __main__ - INFO - 8 - SAVING MERGED DATA
2019-04-02 08:40:56,849 - __main__ - INFO - 9 - EXTRACT WORDS FROM TICKETS
2019-04-02 08:41:00,157 - __main__ - INFO - 10 - BUILD NEW VOCABULARY
2019-04-02 08:41:00,630 - __main__ - INFO - *** Vocabulary saved
2019-04-02 08:41:00,630 - __main__ - INFO - 11 -- SPLIT DATA IN TRAINING AND TEST DATASET
2019-04-02 08:41:00,760 - __main__ - INFO - 12 - CREATE TICKETS AND TARGETS SEQUENCES
2019-04-02 08:41:04,175 - __main__ - INFO - 13 - FILTER OUT  DATA - Removing Token OOV
2019-04-02 08:41:04,247 - __main__ - INFO - 	*** Classe Cestino in Training : 7733
2019-04-02 08:41:04,247 - __main__ - INFO - 14 - SAVING TRAINING SEQUENCES
2019-04-02 08:41:06,603 - __main__ - INFO - 	*** Training Size : 70274

2019-04-02 08:41:06,603 - __main__ - INFO - 	*** Use pretrained Words Embedding
2019-04-02 08:41:12,615 - __main__ - INFO - 15 - START TRAINING
2019-04-02 09:49:51,008 - __main__ - INFO - ============ End =============
2019-04-02 09:49:51,009 - __main__ - INFO - --------------------------------
2019-04-02 09:49:51,009 - __main__ - INFO - ========= LOGOUT ================
2019-04-02 09:49:51,130 - __main__ - INFO - 	-- Checking Status
2019-04-02 09:49:51,130 - __main__ - INFO - 	Status Code: 200 - OK
2019-04-02 09:49:51,130 - __main__ - INFO - 	-- Reset Token
2019-04-02 09:49:51,130 - __main__ - INFO - ========= LOGGED OUT ================
2019-04-02 09:49:51,380 - __main__ - INFO - 11 - Evaluate new model and old model
2019-04-02 09:49:51,381 - __main__ - INFO - 1 - Create Configuration
2019-04-02 09:49:51,381 - __main__ - INFO - 2 - Load Data and Targets
2019-04-02 09:49:51,432 - __main__ - INFO - 3 - Load Model Vocabulary
2019-04-02 09:50:11,751 - __main__ - INFO - 	-- Old Model accuracy : 0.90742284
2019-04-02 09:50:11,752 - __main__ - INFO - 4 - Load New Model Vocabulary
2019-04-02 09:50:32,317 - __main__ - INFO - 	-- New Model accuracy : 0.90052575
2019-04-02 09:50:32,328 - __main__ - INFO - 	-- EVALUATION : OLD Model has better performance
2019-04-02 09:50:32,328 - __main__ - INFO - 11 - Rename tickets and targets in model dir
2019-04-02 09:50:32,330 - __main__ - INFO - 12 - Move tickets and targets from new model to old model
2019-04-02 09:50:32,330 - __main__ - INFO - 13 - Remove new model directory
2019-04-02 09:50:32,387 - __main__ - INFO - ++++++++++++++++++++++++++++++++++++++++++++
2019-04-02 09:50:32,387 - __main__ - INFO - 6 - Model Type : priority
2019-04-02 09:50:32,387 - __main__ - INFO - 7 - Check last date from the log date file
2019-04-02 09:50:32,387 - __main__ - INFO - 	-- File exists. Get data from there
2019-04-02 09:50:32,388 - __main__ - INFO - 8 - Create directories for new model
2019-04-02 09:50:32,388 - __main__ - INFO - 9 - Copy data dir from old model to the new one
2019-04-02 09:50:32,421 - __main__ - INFO - 10 - Open Training Script For user : antonio --------------------- 
2019-04-02 09:50:32,421 - __main__ - INFO - -----------------------------------------------------------------
2019-04-02 09:50:32,421 - __main__ - INFO - ------------------------Training Start---------------------------
2019-04-02 09:50:32,421 - __main__ - INFO - ** Initialization start... **
2019-04-02 09:50:32,421 - __main__ - INFO - 	MainPath - /home/questit/data/models_and_data/antonio/models/priority/model_new/
2019-04-02 09:50:32,421 - __main__ - INFO - 	Type - priority
2019-04-02 09:50:32,421 - __main__ - INFO - 	ConfigFile - /home/questit/assist_classifier/scripts/../ticket_classification/config//antonio/priority_config.json
2019-04-02 09:50:32,421 - __main__ - INFO - 	FromDate - 20190401
2019-04-02 09:50:32,421 - __main__ - INFO - 	ToDate - 20190402
2019-04-02 09:50:32,421 - __main__ - INFO - ** Initialization End **
2019-04-02 09:50:32,421 - __main__ - INFO - 1 - Load Configurations
2019-04-02 09:50:32,421 - __main__ - INFO - 	** Config for Classification
2019-04-02 09:50:32,422 - __main__ - INFO - 2 - Login In API
2019-04-02 09:50:32,422 - __main__ - INFO - --------------------------------
2019-04-02 09:50:32,422 - __main__ - INFO - ========= LOGIN ================
2019-04-02 09:50:32,422 - __main__ - INFO - 	-- Login to API URL : https://assist-prj.org/assist/api/v1/login
2019-04-02 09:50:32,446 - __main__ - INFO - 	-- Checking Status
2019-04-02 09:50:32,447 - __main__ - INFO - 	Status Code: 200 - OK
2019-04-02 09:50:32,447 - __main__ - INFO - 	-- Checking Cookies
2019-04-02 09:50:32,447 - __main__ - INFO - 	-- Checking Token
2019-04-02 09:50:32,447 - __main__ - INFO - 	-- Set Token
2019-04-02 09:50:32,447 - __main__ - INFO - 	-- Token Setted
2019-04-02 09:50:32,447 - __main__ - INFO - ========= LOGGED IN ================
2019-04-02 09:50:32,447 - __main__ - INFO - 3 - GET TICKETS FROM API
2019-04-02 09:50:32,447 - __main__ - INFO - ------------------------------------------
2019-04-02 09:50:32,447 - __main__ - INFO - ========= GET TICKETS START ============
2019-04-02 09:50:32,459 - __main__ - INFO - 	-- Checking Status
2019-04-02 09:50:32,459 - __main__ - INFO - 	Status Code: 200 - OK
2019-04-02 09:50:32,459 - __main__ - INFO - ========= GET TICKETS END ============
2019-04-02 09:50:32,459 - __main__ - INFO - ------------------------------------------
2019-04-02 09:50:32,459 - __main__ - INFO - 4 - REMOVE STOP WORDS FROM NEW TICKETS
2019-04-02 09:50:32,465 - __main__ - INFO - 5 - GET STORED DATA TICKETS
2019-04-02 09:50:32,626 - __main__ - INFO - 6 - MERGE THE DATA - STORED AND GATHERED
2019-04-02 09:50:32,628 - __main__ - INFO - 7 - REMOVE IDENTICAL TICKETS
2019-04-02 09:50:32,670 - __main__ - INFO - 8 - SAVING MERGED DATA
2019-04-02 09:50:32,753 - __main__ - INFO - 9 - EXTRACT WORDS FROM TICKETS
2019-04-02 09:50:37,588 - __main__ - INFO - 10 - BUILD NEW VOCABULARY
2019-04-02 09:50:38,298 - __main__ - INFO - *** Vocabulary saved
2019-04-02 09:50:38,299 - __main__ - INFO - 11 -- SPLIT DATA IN TRAINING AND TEST DATASET
2019-04-02 09:50:38,423 - __main__ - INFO - 12 - CREATE TICKETS AND TARGETS SEQUENCES
2019-04-02 09:50:43,125 - __main__ - INFO - 13 - FILTER OUT  DATA - Removing Token OOV
2019-04-02 09:50:43,201 - __main__ - INFO - 	*** Classe Cestino in Training : 4535
2019-04-02 09:50:43,201 - __main__ - INFO - 14 - SAVING TRAINING SEQUENCES
2019-04-02 09:50:45,274 - __main__ - INFO - 	*** Training Size : 73471

2019-04-02 09:50:45,274 - __main__ - INFO - 	*** Use pretrained Words Embedding
2019-04-02 09:50:51,324 - __main__ - INFO - 15 - START TRAINING
2019-04-02 10:28:58,134 - __main__ - INFO - ============ End =============
2019-04-02 10:28:58,134 - __main__ - INFO - --------------------------------
2019-04-02 10:28:58,134 - __main__ - INFO - ========= LOGOUT ================
2019-04-02 10:28:58,237 - __main__ - INFO - 	-- Checking Status
2019-04-02 10:28:58,237 - __main__ - INFO - 	Status Code: 200 - OK
2019-04-02 10:28:58,237 - __main__ - INFO - 	-- Reset Token
2019-04-02 10:28:58,238 - __main__ - INFO - ========= LOGGED OUT ================
2019-04-02 10:28:58,527 - __main__ - INFO - 11 - Evaluate new model and old model
2019-04-02 10:28:58,528 - __main__ - INFO - 1 - Create Configuration
2019-04-02 10:28:58,528 - __main__ - INFO - 2 - Load Data and Targets
2019-04-02 10:28:58,584 - __main__ - INFO - 3 - Load Model Vocabulary
2019-04-02 10:29:19,792 - __main__ - INFO - 	-- Old Model accuracy : 0.9616356
2019-04-02 10:29:19,793 - __main__ - INFO - 4 - Load New Model Vocabulary
2019-04-02 10:29:40,845 - __main__ - INFO - 	-- New Model accuracy : 0.96504515
2019-04-02 10:29:40,857 - __main__ - INFO - 	-- EVALUATION : New Model has better performance
2019-04-02 10:29:40,858 - __main__ - INFO - 	-- Create a Classification DEMON to ensure that classification not start now
2019-04-02 10:29:40,858 - __main__ - INFO - 11 - Remove old model directory
2019-04-02 10:29:40,858 - __main__ - INFO - 12 - Move New model as Model and Model as old model
2019-04-02 10:29:40,858 - __main__ - INFO - 13 - String replace nel file del checkpoint
2019-04-02 10:29:40,859 - __main__ - INFO - 	-- Destroy classification demon
2019-04-02 10:29:40,859 - __main__ - INFO - ++++++++++++++++++++++++++++++++++++++++++++
2019-04-02 10:29:40,859 - __main__ - INFO - ++++++++++++++++++++++++++++++++++++++++++++
2019-04-02 10:29:40,859 - __main__ - INFO - 5 - User Selected : leonardo
2019-04-02 10:29:40,859 - __main__ - INFO - 6 - Model Type : category
2019-04-02 10:29:40,859 - __main__ - INFO - 7 - Check last date from the log date file
2019-04-02 10:29:40,859 - __main__ - INFO - 	-- File exists. Get data from there
2019-04-02 10:29:40,859 - __main__ - INFO - 8 - Create directories for new model
2019-04-02 10:29:40,860 - __main__ - INFO - 9 - Copy data dir from old model to the new one
2019-04-02 10:29:40,889 - __main__ - INFO - 10 - Open Training Script For user : leonardo --------------------- 
2019-04-02 10:29:40,889 - __main__ - INFO - -----------------------------------------------------------------
2019-04-02 10:29:40,889 - __main__ - INFO - ------------------------Training Start---------------------------
2019-04-02 10:29:40,889 - __main__ - INFO - ** Initialization start... **
2019-04-02 10:29:40,889 - __main__ - INFO - 	MainPath - /home/questit/data/models_and_data/leonardo/models/category/model_new/
2019-04-02 10:29:40,889 - __main__ - INFO - 	Type - category
2019-04-02 10:29:40,889 - __main__ - INFO - 	ConfigFile - /home/questit/assist_classifier/scripts/../ticket_classification/config//leonardo/category_config.json
2019-04-02 10:29:40,889 - __main__ - INFO - 	FromDate - 20190401
2019-04-02 10:29:40,889 - __main__ - INFO - 	ToDate - 20190402
2019-04-02 10:29:40,889 - __main__ - INFO - ** Initialization End **
2019-04-02 10:29:40,889 - __main__ - INFO - 1 - Load Configurations
2019-04-02 10:29:40,889 - __main__ - INFO - 	** Config for Classification
2019-04-02 10:29:40,890 - __main__ - INFO - 2 - Login In API
2019-04-02 10:29:40,890 - __main__ - INFO - --------------------------------
2019-04-02 10:29:40,890 - __main__ - INFO - ========= LOGIN ================
2019-04-02 10:29:40,890 - __main__ - INFO - 	-- Login to API URL : https://assist-prj.org/assist/api/v1/login
2019-04-02 10:29:40,917 - __main__ - INFO - 	-- Checking Status
2019-04-02 10:29:40,917 - __main__ - INFO - 	Status Code: 200 - OK
2019-04-02 10:29:40,917 - __main__ - INFO - 	-- Checking Cookies
2019-04-02 10:29:40,917 - __main__ - INFO - 	-- Checking Token
2019-04-02 10:29:40,917 - __main__ - INFO - 	-- Set Token
2019-04-02 10:29:40,918 - __main__ - INFO - 	-- Token Setted
2019-04-02 10:29:40,918 - __main__ - INFO - ========= LOGGED IN ================
2019-04-02 10:29:40,918 - __main__ - INFO - 3 - GET TICKETS FROM API
2019-04-02 10:29:40,918 - __main__ - INFO - ------------------------------------------
2019-04-02 10:29:40,918 - __main__ - INFO - ========= GET TICKETS START ============
2019-04-02 10:29:40,930 - __main__ - INFO - 	-- Checking Status
2019-04-02 10:29:40,930 - __main__ - INFO - 	Status Code: 200 - OK
2019-04-02 10:29:40,930 - __main__ - INFO - ========= GET TICKETS END ============
2019-04-02 10:29:40,930 - __main__ - INFO - ------------------------------------------
2019-04-02 10:29:40,930 - __main__ - INFO - 4 - REMOVE STOP WORDS FROM NEW TICKETS
2019-04-02 10:29:40,944 - __main__ - INFO - 5 - GET STORED DATA TICKETS
2019-04-02 10:29:41,095 - __main__ - INFO - 6 - MERGE THE DATA - STORED AND GATHERED
2019-04-02 10:29:41,098 - __main__ - INFO - 7 - REMOVE IDENTICAL TICKETS
2019-04-02 10:29:41,143 - __main__ - INFO - 8 - SAVING MERGED DATA
2019-04-02 10:29:41,218 - __main__ - INFO - 9 - EXTRACT WORDS FROM TICKETS
2019-04-02 10:29:44,527 - __main__ - INFO - 10 - BUILD NEW VOCABULARY
2019-04-02 10:29:45,017 - __main__ - INFO - *** Vocabulary saved
2019-04-02 10:29:45,018 - __main__ - INFO - 11 -- SPLIT DATA IN TRAINING AND TEST DATASET
2019-04-02 10:29:45,153 - __main__ - INFO - 12 - CREATE TICKETS AND TARGETS SEQUENCES
2019-04-02 10:29:48,498 - __main__ - INFO - 13 - FILTER OUT  DATA - Removing Token OOV
2019-04-02 10:29:48,571 - __main__ - INFO - 	*** Classe Cestino in Training : 7714
2019-04-02 10:29:48,572 - __main__ - INFO - 14 - SAVING TRAINING SEQUENCES
2019-04-02 10:29:50,939 - __main__ - INFO - 	*** Training Size : 70300

2019-04-02 10:29:50,939 - __main__ - INFO - 	*** Use pretrained Words Embedding
2019-04-02 10:29:57,069 - __main__ - INFO - 15 - START TRAINING
2019-04-02 10:43:27,659 - __main__ - INFO - ============ End =============
2019-04-02 10:43:27,660 - __main__ - INFO - --------------------------------
2019-04-02 10:43:27,660 - __main__ - INFO - ========= LOGOUT ================
2019-04-02 10:43:27,683 - __main__ - INFO - 	-- Checking Status
2019-04-02 10:43:27,683 - __main__ - INFO - 	Status Code: 200 - OK
2019-04-02 10:43:27,683 - __main__ - INFO - 	-- Reset Token
2019-04-02 10:43:27,683 - __main__ - INFO - ========= LOGGED OUT ================
2019-04-02 10:43:28,024 - __main__ - INFO - 11 - Evaluate new model and old model
2019-04-02 10:43:28,024 - __main__ - INFO - 1 - Create Configuration
2019-04-02 10:43:28,025 - __main__ - INFO - 2 - Load Data and Targets
2019-04-02 10:43:28,076 - __main__ - INFO - 3 - Load Model Vocabulary
2019-04-02 10:43:48,333 - __main__ - INFO - 	-- Old Model accuracy : 0.89996094
2019-04-02 10:43:48,333 - __main__ - INFO - 4 - Load New Model Vocabulary
2019-04-02 10:44:08,828 - __main__ - INFO - 	-- New Model accuracy : 0.89499027
2019-04-02 10:44:08,839 - __main__ - INFO - 	-- EVALUATION : OLD Model has better performance
2019-04-02 10:44:08,840 - __main__ - INFO - 11 - Rename tickets and targets in model dir
2019-04-02 10:44:08,841 - __main__ - INFO - 12 - Move tickets and targets from new model to old model
2019-04-02 10:44:08,841 - __main__ - INFO - 13 - Remove new model directory
2019-04-02 10:44:08,904 - __main__ - INFO - ++++++++++++++++++++++++++++++++++++++++++++
2019-04-02 10:44:08,904 - __main__ - INFO - 6 - Model Type : priority
2019-04-02 10:44:08,905 - __main__ - INFO - 7 - Check last date from the log date file
2019-04-02 10:44:08,905 - __main__ - INFO - 	-- File exists. Get data from there
2019-04-02 10:44:08,905 - __main__ - INFO - 8 - Create directories for new model
2019-04-02 10:44:08,905 - __main__ - INFO - 9 - Copy data dir from old model to the new one
2019-04-02 10:44:08,938 - __main__ - INFO - 10 - Open Training Script For user : leonardo --------------------- 
2019-04-02 10:44:08,939 - __main__ - INFO - -----------------------------------------------------------------
2019-04-02 10:44:08,939 - __main__ - INFO - ------------------------Training Start---------------------------
2019-04-02 10:44:08,939 - __main__ - INFO - ** Initialization start... **
2019-04-02 10:44:08,939 - __main__ - INFO - 	MainPath - /home/questit/data/models_and_data/leonardo/models/priority/model_new/
2019-04-02 10:44:08,939 - __main__ - INFO - 	Type - priority
2019-04-02 10:44:08,939 - __main__ - INFO - 	ConfigFile - /home/questit/assist_classifier/scripts/../ticket_classification/config//leonardo/priority_config.json
2019-04-02 10:44:08,939 - __main__ - INFO - 	FromDate - 20190401
2019-04-02 10:44:08,939 - __main__ - INFO - 	ToDate - 20190402
2019-04-02 10:44:08,939 - __main__ - INFO - ** Initialization End **
2019-04-02 10:44:08,939 - __main__ - INFO - 1 - Load Configurations
2019-04-02 10:44:08,939 - __main__ - INFO - 	** Config for Classification
2019-04-02 10:44:08,940 - __main__ - INFO - 2 - Login In API
2019-04-02 10:44:08,940 - __main__ - INFO - --------------------------------
2019-04-02 10:44:08,940 - __main__ - INFO - ========= LOGIN ================
2019-04-02 10:44:08,940 - __main__ - INFO - 	-- Login to API URL : https://assist-prj.org/assist/api/v1/login
2019-04-02 10:44:08,964 - __main__ - INFO - 	-- Checking Status
2019-04-02 10:44:08,965 - __main__ - INFO - 	Status Code: 200 - OK
2019-04-02 10:44:08,965 - __main__ - INFO - 	-- Checking Cookies
2019-04-02 10:44:08,965 - __main__ - INFO - 	-- Checking Token
2019-04-02 10:44:08,965 - __main__ - INFO - 	-- Set Token
2019-04-02 10:44:08,965 - __main__ - INFO - 	-- Token Setted
2019-04-02 10:44:08,965 - __main__ - INFO - ========= LOGGED IN ================
2019-04-02 10:44:08,965 - __main__ - INFO - 3 - GET TICKETS FROM API
2019-04-02 10:44:08,965 - __main__ - INFO - ------------------------------------------
2019-04-02 10:44:08,965 - __main__ - INFO - ========= GET TICKETS START ============
2019-04-02 10:44:08,977 - __main__ - INFO - 	-- Checking Status
2019-04-02 10:44:08,977 - __main__ - INFO - 	Status Code: 200 - OK
2019-04-02 10:44:08,977 - __main__ - INFO - ========= GET TICKETS END ============
2019-04-02 10:44:08,977 - __main__ - INFO - ------------------------------------------
2019-04-02 10:44:08,977 - __main__ - INFO - 4 - REMOVE STOP WORDS FROM NEW TICKETS
2019-04-02 10:44:08,991 - __main__ - INFO - 5 - GET STORED DATA TICKETS
2019-04-02 10:44:09,153 - __main__ - INFO - 6 - MERGE THE DATA - STORED AND GATHERED
2019-04-02 10:44:09,154 - __main__ - INFO - 7 - REMOVE IDENTICAL TICKETS
2019-04-02 10:44:09,196 - __main__ - INFO - 8 - SAVING MERGED DATA
2019-04-02 10:44:09,277 - __main__ - INFO - 9 - EXTRACT WORDS FROM TICKETS
2019-04-02 10:44:14,126 - __main__ - INFO - 10 - BUILD NEW VOCABULARY
2019-04-02 10:44:14,834 - __main__ - INFO - *** Vocabulary saved
2019-04-02 10:44:14,834 - __main__ - INFO - 11 -- SPLIT DATA IN TRAINING AND TEST DATASET
2019-04-02 10:44:14,959 - __main__ - INFO - 12 - CREATE TICKETS AND TARGETS SEQUENCES
2019-04-02 10:44:19,623 - __main__ - INFO - 13 - FILTER OUT  DATA - Removing Token OOV
2019-04-02 10:44:19,698 - __main__ - INFO - 	*** Classe Cestino in Training : 4535
2019-04-02 10:44:19,698 - __main__ - INFO - 14 - SAVING TRAINING SEQUENCES
2019-04-02 10:44:21,771 - __main__ - INFO - 	*** Training Size : 73471

2019-04-02 10:44:21,771 - __main__ - INFO - 	*** Use pretrained Words Embedding
2019-04-02 10:44:27,723 - __main__ - INFO - 15 - START TRAINING
2019-04-02 11:22:22,714 - __main__ - INFO - ============ End =============
2019-04-02 11:22:22,714 - __main__ - INFO - --------------------------------
2019-04-02 11:22:22,714 - __main__ - INFO - ========= LOGOUT ================
2019-04-02 11:22:22,819 - __main__ - INFO - 	-- Checking Status
2019-04-02 11:22:22,819 - __main__ - INFO - 	Status Code: 200 - OK
2019-04-02 11:22:22,819 - __main__ - INFO - 	-- Reset Token
2019-04-02 11:22:22,819 - __main__ - INFO - ========= LOGGED OUT ================
2019-04-02 11:22:23,119 - __main__ - INFO - 11 - Evaluate new model and old model
2019-04-02 11:22:23,120 - __main__ - INFO - 1 - Create Configuration
2019-04-02 11:22:23,120 - __main__ - INFO - 2 - Load Data and Targets
2019-04-02 11:22:23,176 - __main__ - INFO - 3 - Load Model Vocabulary
2019-04-02 11:22:44,673 - __main__ - INFO - 	-- Old Model accuracy : 0.962989
2019-04-02 11:22:44,673 - __main__ - INFO - 4 - Load New Model Vocabulary
2019-04-02 11:23:05,947 - __main__ - INFO - 	-- New Model accuracy : 0.9646027
2019-04-02 11:23:05,959 - __main__ - INFO - 	-- EVALUATION : New Model has better performance
2019-04-02 11:23:05,959 - __main__ - INFO - 	-- Create a Classification DEMON to ensure that classification not start now
2019-04-02 11:23:05,960 - __main__ - INFO - 11 - Remove old model directory
2019-04-02 11:23:05,960 - __main__ - INFO - 12 - Move New model as Model and Model as old model
2019-04-02 11:23:05,960 - __main__ - INFO - 13 - String replace nel file del checkpoint
2019-04-02 11:23:05,961 - __main__ - INFO - 	-- Destroy classification demon
2019-04-02 11:23:05,961 - __main__ - INFO - ++++++++++++++++++++++++++++++++++++++++++++
2019-04-02 11:23:05,961 - __main__ - INFO - 14 - Update date
2019-04-02 11:23:05,961 - __main__ - INFO - 15 - Delete PID File
2019-04-02 11:23:05,961 - __main__ - INFO - ------------------------------------------------------

2019-07-22 10:06:03,553 - __main__ - INFO - ------------------------------------------------------
2019-07-22 10:06:03,553 - __main__ - INFO - 1 - Training Script
2019-07-22 10:06:03,553 - __main__ - INFO - 2 - Check Demon Existence
2019-07-22 10:06:03,553 - __main__ - INFO - 3 - Create Training PID file
2019-07-22 10:06:03,554 - __main__ - ERROR - Error in training method [Errno 2] No such file or directory: '/home/anfri/Lavoro-AiDiLab/ASSIST/assist-nlp-patch-1/assist_classifier/scripts/demon/training.pid'
2019-07-22 10:10:13,565 - __main__ - INFO - ------------------------------------------------------
2019-07-22 10:10:13,565 - __main__ - INFO - 1 - Training Script
2019-07-22 10:10:13,565 - __main__ - INFO - 2 - Check Demon Existence
2019-07-22 10:10:13,565 - __main__ - INFO - 3 - Create Training PID file
2019-07-22 10:10:13,565 - __main__ - ERROR - Error in training method [Errno 2] No such file or directory: '/home/anfri/Lavoro-AiDiLab/ASSIST/assist-nlp-patch-1/assist_classifier/scripts/demon/training.pid'
