2019-04-01 12:27:32,430 - __main__ - INFO - ------------------------------------------------------
2019-04-01 12:27:32,430 - __main__ - INFO - 1 - Classification Script
2019-04-01 12:27:32,430 - __main__ - INFO - 2 - Check Demon Existence
2019-04-01 12:27:32,430 - __main__ - INFO - 3 - Create Classification PID file
2019-04-01 12:27:32,430 - __main__ - INFO - 4 - Load Configuration
2019-04-01 12:27:32,430 - __main__ - INFO - ++++++++++++++++++++++++++++++++++++++++++++
2019-04-01 12:27:32,430 - __main__ - INFO - 5 - User Selected : antonio
2019-04-01 12:27:32,430 - __main__ - INFO - 6 - Open Classification Script For user : antonio
2019-04-01 12:27:32,431 - __main__ - INFO - ----------------------------------------------------------------------
2019-04-01 12:27:32,431 - __main__ - INFO - ==================Ticket Classification Start=========================
2019-04-01 12:27:32,431 - __main__ - INFO - ** Initialization Start**
2019-04-01 12:27:32,431 - __main__ - INFO - 1 - Load Configurations start...
2019-04-01 12:27:32,431 - __main__ - INFO - 	** Config Path /home/questit/assist_classifier/scripts/../ticket_classification/config/antonio/
2019-04-01 12:27:32,431 - __main__ - INFO - 	** Config for Class Classification
2019-04-01 12:27:32,431 - __main__ - INFO - 	** Config for Priority Classification
2019-04-01 12:27:32,431 - __main__ - INFO -  ** Load Vocabulary
2019-04-01 12:27:32,536 - __main__ - INFO - 	** Uso pretrained Words Embedding

2019-04-01 12:27:38,585 - __main__ - INFO - 1 - Load Configuration end
2019-04-01 12:27:38,585 - __main__ - INFO - 2 - Login In API
2019-04-01 12:27:38,585 - __main__ - INFO - --------------------------------
2019-04-01 12:27:38,585 - __main__ - INFO - ========= LOGIN ================
2019-04-01 12:27:38,585 - __main__ - INFO - 	-- Login to API URL : https://assist-prj.org/assist/api/v1/login
2019-04-01 12:27:38,706 - __main__ - INFO - 	-- Checking Status
2019-04-01 12:27:38,706 - __main__ - INFO - 	Status Code: 200 - OK
2019-04-01 12:27:38,706 - __main__ - INFO - 	-- Checking Cookies
2019-04-01 12:27:38,706 - __main__ - INFO - 	-- Checking Token
2019-04-01 12:27:38,706 - __main__ - INFO - 	-- Set Token
2019-04-01 12:27:38,706 - __main__ - INFO - 	-- Token Setted
2019-04-01 12:27:38,707 - __main__ - INFO - ========= LOGGED IN ================
2019-04-01 12:27:38,707 - __main__ - INFO - 3 - Get Next Tickets
2019-04-01 12:27:38,707 - __main__ - INFO - ------------------------------------------
2019-04-01 12:27:38,707 - __main__ - INFO - ========= GET NEXT TICKET ================
2019-04-01 12:27:38,720 - __main__ - INFO - 	-- Checking Status

2019-04-01 12:27:38,720 - __main__ - INFO - 	Status Code: 200 - OK
2019-04-01 12:27:38,720 - __main__ - INFO - -Response {'id': 0}
2019-04-01 12:27:38,720 - __main__ - INFO - ------------------------------------------
2019-04-01 12:27:38,720 - __main__ - INFO - Non ci sono ticket da classificare. Chiudo il processo.
2019-04-01 12:27:38,720 - __main__ - INFO - LogOut dalle API
2019-04-01 12:27:38,721 - __main__ - INFO - --------------------------------
2019-04-01 12:27:38,721 - __main__ - INFO - ========= LOGOUT ================
2019-04-01 12:27:38,734 - __main__ - INFO - 	-- Checking Status
2019-04-01 12:27:38,735 - __main__ - INFO - 	Status Code: 200 - OK
2019-04-01 12:27:38,735 - __main__ - INFO - 	-- Reset Token
2019-04-01 12:27:38,735 - __main__ - INFO - ========= LOGGED OUT ================
2019-04-01 12:27:38,735 - __main__ - INFO - ==================Ticket Classification End=========================

2019-04-01 12:27:38,735 - __main__ - INFO - ----------------------------------------------------------------------
2019-04-01 12:27:38,974 - __main__ - INFO - ++++++++++++++++++++++++++++++++++++++++++++

2019-04-01 12:27:38,975 - __main__ - INFO - ++++++++++++++++++++++++++++++++++++++++++++
2019-04-01 12:27:38,975 - __main__ - INFO - 5 - User Selected : leonardo
2019-04-01 12:27:38,975 - __main__ - INFO - 6 - Open Classification Script For user : leonardo
2019-04-01 12:27:38,975 - __main__ - INFO - ----------------------------------------------------------------------
2019-04-01 12:27:38,975 - __main__ - INFO - ==================Ticket Classification Start=========================
2019-04-01 12:27:38,975 - __main__ - INFO - ** Initialization Start**
2019-04-01 12:27:38,975 - __main__ - INFO - 1 - Load Configurations start...
2019-04-01 12:27:38,975 - __main__ - INFO - 	** Config Path /home/questit/assist_classifier/scripts/../ticket_classification/config/leonardo/
2019-04-01 12:27:38,975 - __main__ - INFO - 	** Config for Class Classification
2019-04-01 12:27:38,975 - __main__ - INFO - 	** Config for Priority Classification
2019-04-01 12:27:38,976 - __main__ - INFO -  ** Load Vocabulary
2019-04-01 12:27:39,087 - __main__ - INFO - 	** Uso pretrained Words Embedding

2019-04-01 12:27:44,895 - __main__ - INFO - 1 - Load Configuration end
2019-04-01 12:27:44,895 - __main__ - INFO - 2 - Login In API
2019-04-01 12:27:44,896 - __main__ - INFO - --------------------------------
2019-04-01 12:27:44,896 - __main__ - INFO - ========= LOGIN ================
2019-04-01 12:27:44,896 - __main__ - INFO - 	-- Login to API URL : https://assist-prj.org/assist/api/v1/login
2019-04-01 12:27:44,921 - __main__ - INFO - 	-- Checking Status
2019-04-01 12:27:44,921 - __main__ - INFO - 	Status Code: 200 - OK
2019-04-01 12:27:44,921 - __main__ - INFO - 	-- Checking Cookies
2019-04-01 12:27:44,921 - __main__ - INFO - 	-- Checking Token
2019-04-01 12:27:44,921 - __main__ - INFO - 	-- Set Token
2019-04-01 12:27:44,921 - __main__ - INFO - 	-- Token Setted
2019-04-01 12:27:44,921 - __main__ - INFO - ========= LOGGED IN ================
2019-04-01 12:27:44,921 - __main__ - INFO - 3 - Get Next Tickets
2019-04-01 12:27:44,921 - __main__ - INFO - ------------------------------------------
2019-04-01 12:27:44,921 - __main__ - INFO - ========= GET NEXT TICKET ================
2019-04-01 12:27:44,935 - __main__ - INFO - 	-- Checking Status

2019-04-01 12:27:44,935 - __main__ - INFO - 	Status Code: 200 - OK
2019-04-01 12:27:44,935 - __main__ - INFO - -Response {'id': 0}
2019-04-01 12:27:44,935 - __main__ - INFO - ------------------------------------------
2019-04-01 12:27:44,935 - __main__ - INFO - Non ci sono ticket da classificare. Chiudo il processo.
2019-04-01 12:27:44,935 - __main__ - INFO - LogOut dalle API
2019-04-01 12:27:44,935 - __main__ - INFO - --------------------------------
2019-04-01 12:27:44,935 - __main__ - INFO - ========= LOGOUT ================
2019-04-01 12:27:44,941 - __main__ - INFO - 	-- Checking Status
2019-04-01 12:27:44,941 - __main__ - INFO - 	Status Code: 200 - OK
2019-04-01 12:27:44,941 - __main__ - INFO - 	-- Reset Token
2019-04-01 12:27:44,941 - __main__ - INFO - ========= LOGGED OUT ================
2019-04-01 12:27:44,942 - __main__ - INFO - ==================Ticket Classification End=========================

2019-04-01 12:27:44,942 - __main__ - INFO - ----------------------------------------------------------------------
2019-04-01 12:27:45,209 - __main__ - INFO - ++++++++++++++++++++++++++++++++++++++++++++

2019-04-01 12:27:45,209 - __main__ - INFO - 7 - Delete PID File
2019-04-01 12:27:45,209 - __main__ - INFO - ------------------------------------------------------

2019-04-01 12:44:20,939 - __main__ - INFO - ------------------------------------------------------
2019-04-01 12:44:20,939 - __main__ - INFO - 1 - Classification Script
2019-04-01 12:44:20,939 - __main__ - INFO - 2 - Check Demon Existence
2019-04-01 12:44:20,940 - __main__ - INFO - 3 - Create Classification PID file
2019-04-01 12:44:20,940 - __main__ - INFO - 4 - Load Configuration
2019-04-01 12:44:20,940 - __main__ - INFO - ++++++++++++++++++++++++++++++++++++++++++++
2019-04-01 12:44:20,940 - __main__ - INFO - 5 - User Selected : antonio
2019-04-01 12:44:20,940 - __main__ - INFO - 6 - Open Classification Script For user : antonio
2019-04-01 12:44:20,940 - __main__ - INFO - ----------------------------------------------------------------------
2019-04-01 12:44:20,940 - __main__ - INFO - ==================Ticket Classification Start=========================
2019-04-01 12:44:20,940 - __main__ - INFO - ** Initialization Start**
2019-04-01 12:44:20,940 - __main__ - INFO - 1 - Load Configurations start...
2019-04-01 12:44:20,940 - __main__ - INFO - 	** Config Path /home/questit/assist_classifier/scripts/../ticket_classification/config/antonio/
2019-04-01 12:44:20,940 - __main__ - INFO - 	** Config for Class Classification
2019-04-01 12:44:20,941 - __main__ - INFO - 	** Config for Priority Classification
2019-04-01 12:44:20,941 - __main__ - INFO -  ** Load Vocabulary
2019-04-01 12:44:21,062 - __main__ - INFO - 	** Uso pretrained Words Embedding

2019-04-01 12:44:26,922 - __main__ - INFO - 1 - Load Configuration end
2019-04-01 12:44:26,922 - __main__ - INFO - 2 - Login In API
2019-04-01 12:44:26,923 - __main__ - INFO - --------------------------------
2019-04-01 12:44:26,923 - __main__ - INFO - ========= LOGIN ================
2019-04-01 12:44:26,923 - __main__ - INFO - 	-- Login to API URL : https://assist-prj.org/assist/api/v1/login
2019-04-01 12:44:26,951 - __main__ - INFO - 	-- Checking Status
2019-04-01 12:44:26,951 - __main__ - INFO - 	Status Code: 200 - OK
2019-04-01 12:44:26,951 - __main__ - INFO - 	-- Checking Cookies
2019-04-01 12:44:26,951 - __main__ - INFO - 	-- Checking Token
2019-04-01 12:44:26,951 - __main__ - INFO - 	-- Set Token
2019-04-01 12:44:26,951 - __main__ - INFO - 	-- Token Setted
2019-04-01 12:44:26,951 - __main__ - INFO - ========= LOGGED IN ================
2019-04-01 12:44:26,952 - __main__ - INFO - 3 - Get Next Tickets
2019-04-01 12:44:26,952 - __main__ - INFO - ------------------------------------------
2019-04-01 12:44:26,952 - __main__ - INFO - ========= GET NEXT TICKET ================
2019-04-01 12:44:27,001 - __main__ - INFO - 	-- Checking Status

2019-04-01 12:44:27,001 - __main__ - INFO - 	Status Code: 200 - OK
2019-04-01 12:44:27,001 - __main__ - INFO - -Response {'id': '1203', 'customer_id': 2, 'user_id': 36, 'category_id': 2, 'priority': 5, 'description': "CLIENTE CHIEDE CONTATTO URGENTE POICHE' HA RICEVUTO IL RID IN BANCA CON ADDEBITO BOLLETTA CON SCADENZA APRILE CHE NON HA ANCORA RICEVUTO. INOLTRE HA RILEVATO UN IMPORTO MOLTO ALTO E CHIEDE CHIARIMENTI E TABULATO.", 'solution': None, 'status': 'Chiuso', 'helpdesk_operator_id': None, 'create_dtm': '2019-03-15T09:58:14.000Z', 'update_dtm': '2019-03-31T12:56:56.000Z'}
2019-04-01 12:44:27,002 - __main__ - INFO - ------------------------------------------
2019-04-01 12:44:27,002 - __main__ - INFO - 	** Ticket : ["CLIENTE CHIEDE CONTATTO URGENTE POICHE' HA RICEVUTO IL RID IN BANCA CON ADDEBITO BOLLETTA CON SCADENZA APRILE CHE NON HA ANCORA RICEVUTO. INOLTRE HA RILEVATO UN IMPORTO MOLTO ALTO E CHIEDE CHIARIMENTI E TABULATO."]
2019-04-01 12:44:27,002 - __main__ - INFO - 4 - Clean Ticket
2019-04-01 12:44:27,017 - __main__ - INFO -  ** Clean data ['cliente', 'chiede', 'contatto', 'urgente', 'poiche', "'", 'ricevuto', 'rid', 'banca', 'addebito', 'bolletta', 'scadenza', 'aprile', 'ancora', 'ricevuto', '.', 'inoltre', 'rilevato', 'importo', 'molto', 'alto', 'chiede', 'chiarimenti', 'tabulato', '.']
2019-04-01 12:44:27,017 - __main__ - INFO - 5 - Ticket Sequence Creation
2019-04-01 12:44:27,018 - __main__ - INFO -  ** Ticket sequences [[5, 6, 18, 32, 560, 0, 83, 126, 382, 583, 913, 671, 643, 53, 83, 0, 132, 2248, 685, 145, 2007, 6, 101, 3006, 0, 4, 4, 4, 4, 4]]
2019-04-01 12:44:27,018 - __main__ - INFO - 6 - Filter Data
2019-04-01 12:44:27,018 - __main__ - INFO - 3 - Get Next Tickets
2019-04-01 12:44:27,018 - __main__ - INFO - ------------------------------------------
2019-04-01 12:44:27,018 - __main__ - INFO - ========= GET NEXT TICKET ================
2019-04-01 12:44:27,046 - __main__ - INFO - 	-- Checking Status

2019-04-01 12:44:27,047 - __main__ - INFO - 	Status Code: 200 - OK
2019-04-01 12:44:27,047 - __main__ - INFO - -Response {'id': '1206', 'customer_id': 2, 'user_id': 36, 'category_id': 3, 'priority': 1, 'description': 'CLI LAMENTA MANCANZA DI CONNESSIONER INTERNET, APPARE LA SCRITTA "NO ADSL CONNECTION". VERIFICATO CHE IL ROUTER SIA BEN COLLEGATO. ', 'solution': None, 'status': 'Chiuso', 'helpdesk_operator_id': None, 'create_dtm': '2019-02-05T11:47:21.728Z', 'update_dtm': '2019-03-31T12:57:15.000Z'}
2019-04-01 12:44:27,047 - __main__ - INFO - ------------------------------------------
2019-04-01 12:44:27,047 - __main__ - INFO - 	** Ticket : ['CLI LAMENTA MANCANZA DI CONNESSIONER INTERNET, APPARE LA SCRITTA "NO ADSL CONNECTION". VERIFICATO CHE IL ROUTER SIA BEN COLLEGATO. ']
2019-04-01 12:44:27,047 - __main__ - INFO - 4 - Clean Ticket
2019-04-01 12:44:27,052 - __main__ - INFO -  ** Clean data ['cli', 'lamenta', 'mancanza', 'connessioner', 'internet', ',', 'appare', 'scritta', '``', 'no', 'adsl', 'connection', "''", '.', 'verificato', 'router', 'ben', 'collegato', '.']
2019-04-01 12:44:27,052 - __main__ - INFO - 5 - Ticket Sequence Creation
2019-04-01 12:44:27,052 - __main__ - INFO -  ** Ticket sequences [[7, 140, 765, 19910, 11, 0, 748, 1277, 130, 246, 9, 5183, 0, 0, 414, 39, 2469, 377, 0, 4, 4, 4, 4, 4, 4, 4, 4, 4, 4, 4]]
2019-04-01 12:44:27,052 - __main__ - INFO - 6 - Filter Data
2019-04-01 12:44:27,052 - __main__ - INFO - 3 - Get Next Tickets
2019-04-01 12:44:27,052 - __main__ - INFO - ------------------------------------------
2019-04-01 12:44:27,052 - __main__ - INFO - ========= GET NEXT TICKET ================
2019-04-01 12:44:27,065 - __main__ - INFO - 	-- Checking Status

2019-04-01 12:44:27,065 - __main__ - INFO - 	Status Code: 200 - OK
2019-04-01 12:44:27,065 - __main__ - INFO - -Response {'id': 0}
2019-04-01 12:44:27,065 - __main__ - INFO - ------------------------------------------
2019-04-01 12:44:27,065 - __main__ - INFO - 8 - Run Category Classification
2019-04-01 12:44:27,065 - __main__ - INFO - 	** Category Prediction
2019-04-01 12:44:29,027 - __main__ - INFO - 	** Categories Predicted : ['Amministrativa', 'Tecnica']
2019-04-01 12:44:29,027 - __main__ - INFO - 	** Categories Predicted : ['Amministrativa', 'Tecnica']
2019-04-01 12:44:29,027 - __main__ - INFO - 9 - Run Priority Classification
2019-04-01 12:44:29,027 - __main__ - INFO - 	** Priority Prediction

2019-04-01 12:44:30,925 - __main__ - INFO - 10 - Send Classification
2019-04-01 12:44:30,926 - __main__ - INFO - ------------------------------------------
2019-04-01 12:44:30,926 - __main__ - INFO - ========= SEND CLASSIFICATION START ============
2019-04-01 12:44:30,926 - __main__ - INFO - ----- Ticket id : 1203 - Params : {'categoryId': 1, 'priorityId': 2} -----
2019-04-01 12:44:30,955 - __main__ - INFO - 	-- Checking Status
2019-04-01 12:44:30,955 - __main__ - INFO - 	Status Code: 200 - OK
2019-04-01 12:44:30,955 - __main__ - INFO - ========= SEND CLASSIFICATION END ============
2019-04-01 12:44:30,955 - __main__ - INFO - ------------------------------------------
2019-04-01 12:44:30,955 - __main__ - INFO - 10 - Send Classification
2019-04-01 12:44:30,955 - __main__ - INFO - ------------------------------------------
2019-04-01 12:44:30,955 - __main__ - INFO - ========= SEND CLASSIFICATION START ============
2019-04-01 12:44:30,956 - __main__ - INFO - ----- Ticket id : 1206 - Params : {'categoryId': 2, 'priorityId': 1} -----
2019-04-01 12:44:31,001 - __main__ - INFO - 	-- Checking Status
2019-04-01 12:44:31,001 - __main__ - INFO - 	Status Code: 200 - OK
2019-04-01 12:44:31,001 - __main__ - INFO - ========= SEND CLASSIFICATION END ============
2019-04-01 12:44:31,002 - __main__ - INFO - ------------------------------------------
2019-04-01 12:44:31,002 - __main__ - INFO - LogOut dalle API
2019-04-01 12:44:31,002 - __main__ - INFO - --------------------------------
2019-04-01 12:44:31,002 - __main__ - INFO - ========= LOGOUT ================
2019-04-01 12:44:31,008 - __main__ - INFO - 	-- Checking Status
2019-04-01 12:44:31,008 - __main__ - INFO - 	Status Code: 200 - OK
2019-04-01 12:44:31,008 - __main__ - INFO - 	-- Reset Token
2019-04-01 12:44:31,008 - __main__ - INFO - ========= LOGGED OUT ================
2019-04-01 12:44:31,008 - __main__ - INFO - ==================Ticket Classification End=========================

2019-04-01 12:44:31,008 - __main__ - INFO - ----------------------------------------------------------------------
2019-04-01 12:44:31,210 - __main__ - INFO - ++++++++++++++++++++++++++++++++++++++++++++

2019-04-01 12:44:31,211 - __main__ - INFO - ++++++++++++++++++++++++++++++++++++++++++++
2019-04-01 12:44:31,211 - __main__ - INFO - 5 - User Selected : leonardo
2019-04-01 12:44:31,211 - __main__ - INFO - 6 - Open Classification Script For user : leonardo
2019-04-01 12:44:31,211 - __main__ - INFO - ----------------------------------------------------------------------
2019-04-01 12:44:31,211 - __main__ - INFO - ==================Ticket Classification Start=========================
2019-04-01 12:44:31,211 - __main__ - INFO - ** Initialization Start**
2019-04-01 12:44:31,211 - __main__ - INFO - 1 - Load Configurations start...
2019-04-01 12:44:31,211 - __main__ - INFO - 	** Config Path /home/questit/assist_classifier/scripts/../ticket_classification/config/leonardo/
2019-04-01 12:44:31,211 - __main__ - INFO - 	** Config for Class Classification
2019-04-01 12:44:31,211 - __main__ - INFO - 	** Config for Priority Classification
2019-04-01 12:44:31,212 - __main__ - INFO -  ** Load Vocabulary
2019-04-01 12:44:31,304 - __main__ - INFO - 	** Uso pretrained Words Embedding

2019-04-01 12:44:37,051 - __main__ - INFO - 1 - Load Configuration end
2019-04-01 12:44:37,051 - __main__ - INFO - 2 - Login In API
2019-04-01 12:44:37,051 - __main__ - INFO - --------------------------------
2019-04-01 12:44:37,051 - __main__ - INFO - ========= LOGIN ================
2019-04-01 12:44:37,051 - __main__ - INFO - 	-- Login to API URL : https://assist-prj.org/assist/api/v1/login
2019-04-01 12:44:37,077 - __main__ - INFO - 	-- Checking Status
2019-04-01 12:44:37,077 - __main__ - INFO - 	Status Code: 200 - OK
2019-04-01 12:44:37,077 - __main__ - INFO - 	-- Checking Cookies
2019-04-01 12:44:37,077 - __main__ - INFO - 	-- Checking Token
2019-04-01 12:44:37,077 - __main__ - INFO - 	-- Set Token
2019-04-01 12:44:37,077 - __main__ - INFO - 	-- Token Setted
2019-04-01 12:44:37,078 - __main__ - INFO - ========= LOGGED IN ================
2019-04-01 12:44:37,078 - __main__ - INFO - 3 - Get Next Tickets
2019-04-01 12:44:37,078 - __main__ - INFO - ------------------------------------------
2019-04-01 12:44:37,078 - __main__ - INFO - ========= GET NEXT TICKET ================
2019-04-01 12:44:37,105 - __main__ - INFO - 	-- Checking Status

2019-04-01 12:44:37,105 - __main__ - INFO - 	Status Code: 200 - OK
2019-04-01 12:44:37,105 - __main__ - INFO - -Response {'id': '1', 'customer_id': 3, 'user_id': 46, 'category_id': 1, 'priority': 1, 'description': "prova inserimento tickets. Testo di prova inserimento tickets.\n--\nFrancesco Lambardi \tFrancesco Lambardi\nSoftware Engineering | Ambrogio.com\n/L'indirizzo di posta elettronica da cui è stata inviata la presente\ncomunicazione è aziendale e non personale./\n.......................................................................................................\nYouNeed\n/Connect your business!\nLa piattaforma Cloud che ti permette di gestire tutta la comunicazione\naziendale con un unico strumento facile e veloce, risparmiando tempo e\ndenaro!/\nAmbrogio\nfacebook Ambrogio  linkedin Ambrogio\ncanale YouTube Ambrogio\n------------\n", 'solution': None, 'status': 'Chiuso', 'helpdesk_operator_id': None, 'create_dtm': '2018-09-25T14:56:02.624Z', 'update_dtm': '2019-03-31T08:11:45.764Z'}
2019-04-01 12:44:37,105 - __main__ - INFO - ------------------------------------------
2019-04-01 12:44:37,105 - __main__ - INFO - 	** Ticket : ["prova inserimento tickets. Testo di prova inserimento tickets.\n--\nFrancesco Lambardi \tFrancesco Lambardi\nSoftware Engineering | Ambrogio.com\n/L'indirizzo di posta elettronica da cui è stata inviata la presente\ncomunicazione è aziendale e non personale./\n.......................................................................................................\nYouNeed\n/Connect your business!\nLa piattaforma Cloud che ti permette di gestire tutta la comunicazione\naziendale con un unico strumento facile e veloce, risparmiando tempo e\ndenaro!/\nAmbrogio\nfacebook Ambrogio  linkedin Ambrogio\ncanale YouTube Ambrogio\n------------\n"]
2019-04-01 12:44:37,105 - __main__ - INFO - 4 - Clean Ticket
2019-04-01 12:44:37,117 - __main__ - INFO -  ** Clean data ['prova', 'inserimento', 'tickets', '.', 'testo', 'prova', 'inserimento', 'tickets', '.', '--', 'francesco', 'lambardi', 'francesco', 'lambardi', 'software', 'engineering', '|', 'ambrogio.com', "/l'indirizzo", 'posta', 'elettronica', 'stata', 'inviata', 'presente', 'comunicazione', 'aziendale', 'personale./', '...', '...', '...', '...', '...', '...', '...', '...', '...', '...', '...', '...', '...', '...', '...', '...', '...', '...', '...', '...', '...', '...', '...', '...', '...', '...', '...', '...', '...', '...', '...', '...', '...', '...', '.', 'youneed', '/connect', 'your', 'business', '!', 'piattaforma', 'cloud', 'permette', 'gestire', 'tutta', 'comunicazione', 'aziendale', 'unico', 'strumento', 'facile', 'veloce', ',', 'risparmiando', 'tempo', 'denaro', '!', '/', 'ambrogio', 'facebook', 'ambrogio', 'linkedin', 'ambrogio', 'canale', 'youtube', 'ambrogio', '--', '--', '--', '--', '--', '--']
2019-04-01 12:44:37,117 - __main__ - INFO - 5 - Ticket Sequence Creation
2019-04-01 12:44:37,117 - __main__ - INFO -  ** Ticket sequences [[155, 1408, 5758, 0, 1204, 155, 1408, 5758, 0, 0, 530, 0, 530, 0, 2188, 17415, 0, 0, 0, 98, 207, 173, 299, 162, 415, 2153, 0, 0, 0, 0]]
2019-04-01 12:44:37,118 - __main__ - INFO - 6 - Filter Data
2019-04-01 12:44:37,118 - __main__ - INFO - 3 - Get Next Tickets
2019-04-01 12:44:37,118 - __main__ - INFO - ------------------------------------------
2019-04-01 12:44:37,118 - __main__ - INFO - ========= GET NEXT TICKET ================
2019-04-01 12:44:37,142 - __main__ - INFO - 	-- Checking Status

2019-04-01 12:44:37,142 - __main__ - INFO - 	Status Code: 200 - OK
2019-04-01 12:44:37,142 - __main__ - INFO - -Response {'id': '1230', 'customer_id': 3, 'user_id': 46, 'category_id': 3, 'priority': 1, 'description': 'il cliente segnala : capita molto spesso che la linea durante una conversazione venga interrotta dopo alcuni minuti ( circa 2 ) .', 'solution': None, 'status': 'Chiuso', 'helpdesk_operator_id': None, 'create_dtm': '2005-12-31T10:59:39.000Z', 'update_dtm': '2019-03-31T14:17:48.000Z'}
2019-04-01 12:44:37,142 - __main__ - INFO - ------------------------------------------
2019-04-01 12:44:37,142 - __main__ - INFO - 	** Ticket : ['il cliente segnala : capita molto spesso che la linea durante una conversazione venga interrotta dopo alcuni minuti ( circa 2 ) .']
2019-04-01 12:44:37,142 - __main__ - INFO - 4 - Clean Ticket
2019-04-01 12:44:37,145 - __main__ - INFO -  ** Clean data ['cliente', 'segnala', ':', 'capita', 'molto', 'spesso', 'linea', 'durante', 'conversazione', 'venga', 'interrotta', 'dopo', 'alcuni', 'minuti', '(', 'circa', '2', ')', '.']
2019-04-01 12:44:37,145 - __main__ - INFO - 5 - Ticket Sequence Creation
2019-04-01 12:44:37,145 - __main__ - INFO -  ** Ticket sequences [[5, 10, 0, 1306, 145, 312, 8, 257, 665, 487, 3478, 66, 388, 509, 0, 251, 1, 0, 0, 4, 4, 4, 4, 4, 4, 4, 4, 4, 4, 4]]
2019-04-01 12:44:37,145 - __main__ - INFO - 6 - Filter Data
2019-04-01 12:44:37,145 - __main__ - INFO - 3 - Get Next Tickets
2019-04-01 12:44:37,145 - __main__ - INFO - ------------------------------------------
2019-04-01 12:44:37,145 - __main__ - INFO - ========= GET NEXT TICKET ================
2019-04-01 12:44:37,158 - __main__ - INFO - 	-- Checking Status

2019-04-01 12:44:37,158 - __main__ - INFO - 	Status Code: 200 - OK
2019-04-01 12:44:37,158 - __main__ - INFO - -Response {'id': 0}
2019-04-01 12:44:37,158 - __main__ - INFO - ------------------------------------------
2019-04-01 12:44:37,158 - __main__ - INFO - 8 - Run Category Classification
2019-04-01 12:44:37,158 - __main__ - INFO - 	** Category Prediction
2019-04-01 12:44:38,790 - __main__ - INFO - 	** Categories Predicted : ['Amministrativa', 'Tecnica']
2019-04-01 12:44:38,790 - __main__ - INFO - 	** Categories Predicted : ['Amministrativa', 'Tecnica']
2019-04-01 12:44:38,790 - __main__ - INFO - 9 - Run Priority Classification
2019-04-01 12:44:38,790 - __main__ - INFO - 	** Priority Prediction

2019-04-01 12:44:39,155 - __main__ - ERROR - Error in classifyNextTicket /home/antonio/Scrivania/assist_ticket_data/leonardo/models/priority/model/best_models; No such file or directory
2019-04-01 12:44:39,155 - __main__ - INFO - ==================Ticket Classification End=========================

2019-04-01 12:44:39,155 - __main__ - INFO - ----------------------------------------------------------------------
2019-04-01 12:44:39,370 - __main__ - INFO - ++++++++++++++++++++++++++++++++++++++++++++

2019-04-01 12:44:39,370 - __main__ - INFO - 7 - Delete PID File
2019-04-01 12:44:39,370 - __main__ - INFO - ------------------------------------------------------

2019-04-01 12:56:21,960 - __main__ - INFO - ------------------------------------------------------
2019-04-01 12:56:21,960 - __main__ - INFO - 1 - Classification Script
2019-04-01 12:56:21,960 - __main__ - INFO - 2 - Check Demon Existence
2019-04-01 12:56:21,960 - __main__ - INFO - 3 - Create Classification PID file
2019-04-01 12:56:21,960 - __main__ - INFO - 4 - Load Configuration
2019-04-01 12:56:21,960 - __main__ - INFO - ++++++++++++++++++++++++++++++++++++++++++++
2019-04-01 12:56:21,960 - __main__ - INFO - 5 - User Selected : antonio
2019-04-01 12:56:21,960 - __main__ - INFO - 6 - Open Classification Script For user : antonio
2019-04-01 12:56:21,961 - __main__ - INFO - ----------------------------------------------------------------------
2019-04-01 12:56:21,961 - __main__ - INFO - ==================Ticket Classification Start=========================
2019-04-01 12:56:21,961 - __main__ - INFO - ** Initialization Start**
2019-04-01 12:56:21,961 - __main__ - INFO - 1 - Load Configurations start...
2019-04-01 12:56:21,961 - __main__ - INFO - 	** Config Path /home/questit/assist_classifier/scripts/../ticket_classification/config/antonio/
2019-04-01 12:56:21,961 - __main__ - INFO - 	** Config for Class Classification
2019-04-01 12:56:21,961 - __main__ - INFO - 	** Config for Priority Classification
2019-04-01 12:56:21,961 - __main__ - INFO -  ** Load Vocabulary
2019-04-01 12:56:22,067 - __main__ - INFO - 	** Uso pretrained Words Embedding

2019-04-01 12:56:28,157 - __main__ - INFO - 1 - Load Configuration end
2019-04-01 12:56:28,157 - __main__ - INFO - 2 - Login In API
2019-04-01 12:56:28,157 - __main__ - INFO - --------------------------------
2019-04-01 12:56:28,157 - __main__ - INFO - ========= LOGIN ================
2019-04-01 12:56:28,157 - __main__ - INFO - 	-- Login to API URL : https://assist-prj.org/assist/api/v1/login
2019-04-01 12:56:28,184 - __main__ - INFO - 	-- Checking Status
2019-04-01 12:56:28,185 - __main__ - INFO - 	Status Code: 200 - OK
2019-04-01 12:56:28,185 - __main__ - INFO - 	-- Checking Cookies
2019-04-01 12:56:28,185 - __main__ - INFO - 	-- Checking Token
2019-04-01 12:56:28,185 - __main__ - INFO - 	-- Set Token
2019-04-01 12:56:28,185 - __main__ - INFO - 	-- Token Setted
2019-04-01 12:56:28,185 - __main__ - INFO - ========= LOGGED IN ================
2019-04-01 12:56:28,185 - __main__ - INFO - 3 - Get Next Tickets
2019-04-01 12:56:28,185 - __main__ - INFO - ------------------------------------------
2019-04-01 12:56:28,185 - __main__ - INFO - ========= GET NEXT TICKET ================
2019-04-01 12:56:28,233 - __main__ - INFO - 	-- Checking Status

2019-04-01 12:56:28,233 - __main__ - INFO - 	Status Code: 200 - OK
2019-04-01 12:56:28,233 - __main__ - INFO - -Response {'id': '1203', 'customer_id': 2, 'user_id': 36, 'category_id': None, 'priority': None, 'description': "CLIENTE CHIEDE CONTATTO URGENTE POICHE' HA RICEVUTO IL RID IN BANCA CON ADDEBITO BOLLETTA CON SCADENZA APRILE CHE NON HA ANCORA RICEVUTO. INOLTRE HA RILEVATO UN IMPORTO MOLTO ALTO E CHIEDE CHIARIMENTI E TABULATO.", 'solution': None, 'status': 'Chiuso', 'helpdesk_operator_id': None, 'create_dtm': '2019-03-15T09:58:14.000Z', 'update_dtm': '2019-04-01T12:44:30.946Z'}
2019-04-01 12:56:28,233 - __main__ - INFO - ------------------------------------------
2019-04-01 12:56:28,233 - __main__ - INFO - 	** Ticket : ["CLIENTE CHIEDE CONTATTO URGENTE POICHE' HA RICEVUTO IL RID IN BANCA CON ADDEBITO BOLLETTA CON SCADENZA APRILE CHE NON HA ANCORA RICEVUTO. INOLTRE HA RILEVATO UN IMPORTO MOLTO ALTO E CHIEDE CHIARIMENTI E TABULATO."]
2019-04-01 12:56:28,234 - __main__ - INFO - 4 - Clean Ticket
2019-04-01 12:56:28,247 - __main__ - INFO -  ** Clean data ['cliente', 'chiede', 'contatto', 'urgente', 'poiche', "'", 'ricevuto', 'rid', 'banca', 'addebito', 'bolletta', 'scadenza', 'aprile', 'ancora', 'ricevuto', '.', 'inoltre', 'rilevato', 'importo', 'molto', 'alto', 'chiede', 'chiarimenti', 'tabulato', '.']
2019-04-01 12:56:28,247 - __main__ - INFO - 5 - Ticket Sequence Creation
2019-04-01 12:56:28,248 - __main__ - INFO -  ** Ticket sequences [[5, 6, 18, 32, 560, 0, 83, 126, 382, 583, 913, 671, 643, 53, 83, 0, 132, 2248, 685, 145, 2007, 6, 101, 3006, 0, 4, 4, 4, 4, 4]]
2019-04-01 12:56:28,248 - __main__ - INFO - 6 - Filter Data
2019-04-01 12:56:28,248 - __main__ - INFO - 3 - Get Next Tickets
2019-04-01 12:56:28,248 - __main__ - INFO - ------------------------------------------
2019-04-01 12:56:28,248 - __main__ - INFO - ========= GET NEXT TICKET ================
2019-04-01 12:56:28,318 - __main__ - INFO - 	-- Checking Status

2019-04-01 12:56:28,318 - __main__ - INFO - 	Status Code: 200 - OK
2019-04-01 12:56:28,318 - __main__ - INFO - -Response {'id': '1206', 'customer_id': 2, 'user_id': 36, 'category_id': None, 'priority': None, 'description': 'CLI LAMENTA MANCANZA DI CONNESSIONER INTERNET, APPARE LA SCRITTA "NO ADSL CONNECTION". VERIFICATO CHE IL ROUTER SIA BEN COLLEGATO. ', 'solution': None, 'status': 'Chiuso', 'helpdesk_operator_id': None, 'create_dtm': '2019-02-05T11:47:21.728Z', 'update_dtm': '2019-04-01T12:44:30.977Z'}
2019-04-01 12:56:28,318 - __main__ - INFO - ------------------------------------------
2019-04-01 12:56:28,318 - __main__ - INFO - 	** Ticket : ['CLI LAMENTA MANCANZA DI CONNESSIONER INTERNET, APPARE LA SCRITTA "NO ADSL CONNECTION". VERIFICATO CHE IL ROUTER SIA BEN COLLEGATO. ']
2019-04-01 12:56:28,318 - __main__ - INFO - 4 - Clean Ticket
2019-04-01 12:56:28,323 - __main__ - INFO -  ** Clean data ['cli', 'lamenta', 'mancanza', 'connessioner', 'internet', ',', 'appare', 'scritta', '``', 'no', 'adsl', 'connection', "''", '.', 'verificato', 'router', 'ben', 'collegato', '.']
2019-04-01 12:56:28,323 - __main__ - INFO - 5 - Ticket Sequence Creation
2019-04-01 12:56:28,323 - __main__ - INFO -  ** Ticket sequences [[7, 140, 765, 19910, 11, 0, 748, 1277, 130, 246, 9, 5183, 0, 0, 414, 39, 2469, 377, 0, 4, 4, 4, 4, 4, 4, 4, 4, 4, 4, 4]]
2019-04-01 12:56:28,323 - __main__ - INFO - 6 - Filter Data
2019-04-01 12:56:28,323 - __main__ - INFO - 3 - Get Next Tickets
2019-04-01 12:56:28,323 - __main__ - INFO - ------------------------------------------
2019-04-01 12:56:28,323 - __main__ - INFO - ========= GET NEXT TICKET ================
2019-04-01 12:56:28,337 - __main__ - INFO - 	-- Checking Status

2019-04-01 12:56:28,337 - __main__ - INFO - 	Status Code: 200 - OK
2019-04-01 12:56:28,337 - __main__ - INFO - -Response {'id': 0}
2019-04-01 12:56:28,337 - __main__ - INFO - ------------------------------------------
2019-04-01 12:56:28,337 - __main__ - INFO - 8 - Run Category Classification
2019-04-01 12:56:28,337 - __main__ - INFO - 	** Category Prediction
2019-04-01 12:56:30,278 - __main__ - INFO - 	** Categories Predicted : ['Amministrativa', 'Tecnica']
2019-04-01 12:56:30,278 - __main__ - INFO - 	** Categories Predicted : ['Amministrativa', 'Tecnica']
2019-04-01 12:56:30,278 - __main__ - INFO - 9 - Run Priority Classification
2019-04-01 12:56:30,278 - __main__ - INFO - 	** Priority Prediction

2019-04-01 12:56:32,172 - __main__ - INFO - 10 - Send Classification
2019-04-01 12:56:32,173 - __main__ - INFO - ------------------------------------------
2019-04-01 12:56:32,173 - __main__ - INFO - ========= SEND CLASSIFICATION START ============
2019-04-01 12:56:32,173 - __main__ - INFO - ----- Ticket id : 1203 - Params : {'categoryId': 1, 'priorityId': 2} -----
2019-04-01 12:56:32,218 - __main__ - INFO - 	-- Checking Status
2019-04-01 12:56:32,218 - __main__ - INFO - 	Status Code: 200 - OK
2019-04-01 12:56:32,218 - __main__ - INFO - ========= SEND CLASSIFICATION END ============
2019-04-01 12:56:32,218 - __main__ - INFO - ------------------------------------------
2019-04-01 12:56:32,218 - __main__ - INFO - 10 - Send Classification
2019-04-01 12:56:32,218 - __main__ - INFO - ------------------------------------------
2019-04-01 12:56:32,218 - __main__ - INFO - ========= SEND CLASSIFICATION START ============
2019-04-01 12:56:32,218 - __main__ - INFO - ----- Ticket id : 1206 - Params : {'categoryId': 2, 'priorityId': 1} -----
2019-04-01 12:56:32,243 - __main__ - INFO - 	-- Checking Status
2019-04-01 12:56:32,243 - __main__ - INFO - 	Status Code: 200 - OK
2019-04-01 12:56:32,243 - __main__ - INFO - ========= SEND CLASSIFICATION END ============
2019-04-01 12:56:32,243 - __main__ - INFO - ------------------------------------------
2019-04-01 12:56:32,243 - __main__ - INFO - LogOut dalle API
2019-04-01 12:56:32,243 - __main__ - INFO - --------------------------------
2019-04-01 12:56:32,243 - __main__ - INFO - ========= LOGOUT ================
2019-04-01 12:56:32,249 - __main__ - INFO - 	-- Checking Status
2019-04-01 12:56:32,249 - __main__ - INFO - 	Status Code: 200 - OK
2019-04-01 12:56:32,249 - __main__ - INFO - 	-- Reset Token
2019-04-01 12:56:32,249 - __main__ - INFO - ========= LOGGED OUT ================
2019-04-01 12:56:32,249 - __main__ - INFO - ==================Ticket Classification End=========================

2019-04-01 12:56:32,249 - __main__ - INFO - ----------------------------------------------------------------------
2019-04-01 12:56:32,492 - __main__ - INFO - ++++++++++++++++++++++++++++++++++++++++++++

2019-04-01 12:56:32,492 - __main__ - INFO - ++++++++++++++++++++++++++++++++++++++++++++
2019-04-01 12:56:32,492 - __main__ - INFO - 5 - User Selected : leonardo
2019-04-01 12:56:32,492 - __main__ - INFO - 6 - Open Classification Script For user : leonardo
2019-04-01 12:56:32,492 - __main__ - INFO - ----------------------------------------------------------------------
2019-04-01 12:56:32,492 - __main__ - INFO - ==================Ticket Classification Start=========================
2019-04-01 12:56:32,492 - __main__ - INFO - ** Initialization Start**
2019-04-01 12:56:32,492 - __main__ - INFO - 1 - Load Configurations start...
2019-04-01 12:56:32,492 - __main__ - INFO - 	** Config Path /home/questit/assist_classifier/scripts/../ticket_classification/config/leonardo/
2019-04-01 12:56:32,492 - __main__ - INFO - 	** Config for Class Classification
2019-04-01 12:56:32,493 - __main__ - INFO - 	** Config for Priority Classification
2019-04-01 12:56:32,493 - __main__ - INFO -  ** Load Vocabulary
2019-04-01 12:56:32,594 - __main__ - INFO - 	** Uso pretrained Words Embedding

2019-04-01 12:56:38,426 - __main__ - INFO - 1 - Load Configuration end
2019-04-01 12:56:38,426 - __main__ - INFO - 2 - Login In API
2019-04-01 12:56:38,427 - __main__ - INFO - --------------------------------
2019-04-01 12:56:38,427 - __main__ - INFO - ========= LOGIN ================
2019-04-01 12:56:38,427 - __main__ - INFO - 	-- Login to API URL : https://assist-prj.org/assist/api/v1/login
2019-04-01 12:56:38,453 - __main__ - INFO - 	-- Checking Status
2019-04-01 12:56:38,453 - __main__ - INFO - 	Status Code: 200 - OK
2019-04-01 12:56:38,453 - __main__ - INFO - 	-- Checking Cookies
2019-04-01 12:56:38,453 - __main__ - INFO - 	-- Checking Token
2019-04-01 12:56:38,453 - __main__ - INFO - 	-- Set Token
2019-04-01 12:56:38,453 - __main__ - INFO - 	-- Token Setted
2019-04-01 12:56:38,453 - __main__ - INFO - ========= LOGGED IN ================
2019-04-01 12:56:38,453 - __main__ - INFO - 3 - Get Next Tickets
2019-04-01 12:56:38,453 - __main__ - INFO - ------------------------------------------
2019-04-01 12:56:38,453 - __main__ - INFO - ========= GET NEXT TICKET ================
2019-04-01 12:56:38,488 - __main__ - INFO - 	-- Checking Status

2019-04-01 12:56:38,488 - __main__ - INFO - 	Status Code: 200 - OK
2019-04-01 12:56:38,488 - __main__ - INFO - -Response {'id': '1', 'customer_id': 3, 'user_id': 46, 'category_id': None, 'priority': None, 'description': "prova inserimento tickets. Testo di prova inserimento tickets.\n--\nFrancesco Lambardi \tFrancesco Lambardi\nSoftware Engineering | Ambrogio.com\n/L'indirizzo di posta elettronica da cui è stata inviata la presente\ncomunicazione è aziendale e non personale./\n.......................................................................................................\nYouNeed\n/Connect your business!\nLa piattaforma Cloud che ti permette di gestire tutta la comunicazione\naziendale con un unico strumento facile e veloce, risparmiando tempo e\ndenaro!/\nAmbrogio\nfacebook Ambrogio  linkedin Ambrogio\ncanale YouTube Ambrogio\n------------\n", 'solution': None, 'status': 'Chiuso', 'helpdesk_operator_id': None, 'create_dtm': '2018-09-25T14:56:02.624Z', 'update_dtm': '2019-03-31T08:11:45.764Z'}
2019-04-01 12:56:38,488 - __main__ - INFO - ------------------------------------------
2019-04-01 12:56:38,488 - __main__ - INFO - 	** Ticket : ["prova inserimento tickets. Testo di prova inserimento tickets.\n--\nFrancesco Lambardi \tFrancesco Lambardi\nSoftware Engineering | Ambrogio.com\n/L'indirizzo di posta elettronica da cui è stata inviata la presente\ncomunicazione è aziendale e non personale./\n.......................................................................................................\nYouNeed\n/Connect your business!\nLa piattaforma Cloud che ti permette di gestire tutta la comunicazione\naziendale con un unico strumento facile e veloce, risparmiando tempo e\ndenaro!/\nAmbrogio\nfacebook Ambrogio  linkedin Ambrogio\ncanale YouTube Ambrogio\n------------\n"]
2019-04-01 12:56:38,488 - __main__ - INFO - 4 - Clean Ticket
2019-04-01 12:56:38,504 - __main__ - INFO -  ** Clean data ['prova', 'inserimento', 'tickets', '.', 'testo', 'prova', 'inserimento', 'tickets', '.', '--', 'francesco', 'lambardi', 'francesco', 'lambardi', 'software', 'engineering', '|', 'ambrogio.com', "/l'indirizzo", 'posta', 'elettronica', 'stata', 'inviata', 'presente', 'comunicazione', 'aziendale', 'personale./', '...', '...', '...', '...', '...', '...', '...', '...', '...', '...', '...', '...', '...', '...', '...', '...', '...', '...', '...', '...', '...', '...', '...', '...', '...', '...', '...', '...', '...', '...', '...', '...', '...', '...', '.', 'youneed', '/connect', 'your', 'business', '!', 'piattaforma', 'cloud', 'permette', 'gestire', 'tutta', 'comunicazione', 'aziendale', 'unico', 'strumento', 'facile', 'veloce', ',', 'risparmiando', 'tempo', 'denaro', '!', '/', 'ambrogio', 'facebook', 'ambrogio', 'linkedin', 'ambrogio', 'canale', 'youtube', 'ambrogio', '--', '--', '--', '--', '--', '--']
2019-04-01 12:56:38,504 - __main__ - INFO - 5 - Ticket Sequence Creation
2019-04-01 12:56:38,505 - __main__ - INFO -  ** Ticket sequences [[155, 1408, 5758, 0, 1204, 155, 1408, 5758, 0, 0, 530, 0, 530, 0, 2188, 17415, 0, 0, 0, 98, 207, 173, 299, 162, 415, 2153, 0, 0, 0, 0]]
2019-04-01 12:56:38,505 - __main__ - INFO - 6 - Filter Data
2019-04-01 12:56:38,505 - __main__ - INFO - 3 - Get Next Tickets
2019-04-01 12:56:38,505 - __main__ - INFO - ------------------------------------------
2019-04-01 12:56:38,505 - __main__ - INFO - ========= GET NEXT TICKET ================
2019-04-01 12:56:38,535 - __main__ - INFO - 	-- Checking Status

2019-04-01 12:56:38,535 - __main__ - INFO - 	Status Code: 200 - OK
2019-04-01 12:56:38,535 - __main__ - INFO - -Response {'id': '1230', 'customer_id': 3, 'user_id': 46, 'category_id': None, 'priority': None, 'description': 'il cliente segnala : capita molto spesso che la linea durante una conversazione venga interrotta dopo alcuni minuti ( circa 2 ) .', 'solution': None, 'status': 'Chiuso', 'helpdesk_operator_id': None, 'create_dtm': '2005-12-31T10:59:39.000Z', 'update_dtm': '2019-03-31T14:17:48.000Z'}
2019-04-01 12:56:38,535 - __main__ - INFO - ------------------------------------------
2019-04-01 12:56:38,535 - __main__ - INFO - 	** Ticket : ['il cliente segnala : capita molto spesso che la linea durante una conversazione venga interrotta dopo alcuni minuti ( circa 2 ) .']
2019-04-01 12:56:38,535 - __main__ - INFO - 4 - Clean Ticket
2019-04-01 12:56:38,539 - __main__ - INFO -  ** Clean data ['cliente', 'segnala', ':', 'capita', 'molto', 'spesso', 'linea', 'durante', 'conversazione', 'venga', 'interrotta', 'dopo', 'alcuni', 'minuti', '(', 'circa', '2', ')', '.']
2019-04-01 12:56:38,539 - __main__ - INFO - 5 - Ticket Sequence Creation
2019-04-01 12:56:38,540 - __main__ - INFO -  ** Ticket sequences [[5, 10, 0, 1306, 145, 312, 8, 257, 665, 487, 3478, 66, 388, 509, 0, 251, 1, 0, 0, 4, 4, 4, 4, 4, 4, 4, 4, 4, 4, 4]]
2019-04-01 12:56:38,540 - __main__ - INFO - 6 - Filter Data
2019-04-01 12:56:38,540 - __main__ - INFO - 3 - Get Next Tickets
2019-04-01 12:56:38,540 - __main__ - INFO - ------------------------------------------
2019-04-01 12:56:38,540 - __main__ - INFO - ========= GET NEXT TICKET ================
2019-04-01 12:56:38,551 - __main__ - INFO - 	-- Checking Status

2019-04-01 12:56:38,551 - __main__ - INFO - 	Status Code: 200 - OK
2019-04-01 12:56:38,551 - __main__ - INFO - -Response {'id': 0}
2019-04-01 12:56:38,551 - __main__ - INFO - ------------------------------------------
2019-04-01 12:56:38,551 - __main__ - INFO - 8 - Run Category Classification
2019-04-01 12:56:38,551 - __main__ - INFO - 	** Category Prediction
2019-04-01 12:56:40,195 - __main__ - INFO - 	** Categories Predicted : ['Amministrativa', 'Tecnica']
2019-04-01 12:56:40,195 - __main__ - INFO - 	** Categories Predicted : ['Amministrativa', 'Tecnica']
2019-04-01 12:56:40,195 - __main__ - INFO - 9 - Run Priority Classification
2019-04-01 12:56:40,195 - __main__ - INFO - 	** Priority Prediction

2019-04-01 12:56:42,130 - __main__ - INFO - 10 - Send Classification
2019-04-01 12:56:42,131 - __main__ - INFO - ------------------------------------------
2019-04-01 12:56:42,131 - __main__ - INFO - ========= SEND CLASSIFICATION START ============
2019-04-01 12:56:42,131 - __main__ - INFO - ----- Ticket id : 1 - Params : {'categoryId': 1, 'priorityId': 1} -----
2019-04-01 12:56:42,176 - __main__ - INFO - 	-- Checking Status
2019-04-01 12:56:42,176 - __main__ - INFO - 	Status Code: 200 - OK
2019-04-01 12:56:42,176 - __main__ - INFO - ========= SEND CLASSIFICATION END ============
2019-04-01 12:56:42,176 - __main__ - INFO - ------------------------------------------
2019-04-01 12:56:42,176 - __main__ - INFO - 10 - Send Classification
2019-04-01 12:56:42,177 - __main__ - INFO - ------------------------------------------
2019-04-01 12:56:42,177 - __main__ - INFO - ========= SEND CLASSIFICATION START ============
2019-04-01 12:56:42,177 - __main__ - INFO - ----- Ticket id : 1230 - Params : {'categoryId': 2, 'priorityId': 1} -----
2019-04-01 12:56:42,206 - __main__ - INFO - 	-- Checking Status
2019-04-01 12:56:42,206 - __main__ - INFO - 	Status Code: 200 - OK
2019-04-01 12:56:42,206 - __main__ - INFO - ========= SEND CLASSIFICATION END ============
2019-04-01 12:56:42,206 - __main__ - INFO - ------------------------------------------
2019-04-01 12:56:42,206 - __main__ - INFO - LogOut dalle API
2019-04-01 12:56:42,206 - __main__ - INFO - --------------------------------
2019-04-01 12:56:42,206 - __main__ - INFO - ========= LOGOUT ================
2019-04-01 12:56:42,212 - __main__ - INFO - 	-- Checking Status
2019-04-01 12:56:42,212 - __main__ - INFO - 	Status Code: 200 - OK
2019-04-01 12:56:42,212 - __main__ - INFO - 	-- Reset Token
2019-04-01 12:56:42,212 - __main__ - INFO - ========= LOGGED OUT ================
2019-04-01 12:56:42,212 - __main__ - INFO - ==================Ticket Classification End=========================

2019-04-01 12:56:42,212 - __main__ - INFO - ----------------------------------------------------------------------
2019-04-01 12:56:42,433 - __main__ - INFO - ++++++++++++++++++++++++++++++++++++++++++++

2019-04-01 12:56:42,434 - __main__ - INFO - 7 - Delete PID File
2019-04-01 12:56:42,434 - __main__ - INFO - ------------------------------------------------------

2019-04-09 13:30:43,962 - __main__ - INFO - ------------------------------------------------------
2019-04-09 13:30:43,963 - __main__ - INFO - 1 - Classification Script
2019-04-09 13:30:43,963 - __main__ - INFO - 2 - Check Demon Existence
2019-04-09 13:30:43,963 - __main__ - INFO - 3 - Create Classification PID file
2019-04-09 13:30:43,963 - __main__ - INFO - 4 - Load Configuration
2019-04-09 13:30:43,963 - __main__ - INFO - ++++++++++++++++++++++++++++++++++++++++++++
2019-04-09 13:30:43,963 - __main__ - INFO - 5 - User Selected : antonio
2019-04-09 13:30:43,963 - __main__ - INFO - 6 - Open Classification Script For user : antonio
2019-04-09 13:30:43,963 - __main__ - INFO - ----------------------------------------------------------------------
2019-04-09 13:30:43,963 - __main__ - INFO - ==================Ticket Classification Start=========================
2019-04-09 13:30:43,964 - __main__ - INFO - ** Initialization Start**
2019-04-09 13:30:43,964 - __main__ - INFO - 1 - Load Configurations start...
2019-04-09 13:30:43,964 - __main__ - INFO - 	** Config Path /home/questit/assist_classifier/scripts/../ticket_classification/config/antonio/
2019-04-09 13:30:43,964 - __main__ - INFO - 	** Config for Class Classification
2019-04-09 13:30:43,964 - __main__ - INFO - 	** Config for Priority Classification
2019-04-09 13:30:43,964 - __main__ - INFO -  ** Load Vocabulary
2019-04-09 13:30:44,105 - __main__ - INFO - 	** Uso pretrained Words Embedding

2019-04-09 13:30:50,050 - __main__ - INFO - 1 - Load Configuration end
2019-04-09 13:30:50,050 - __main__ - INFO - 2 - Login In API
2019-04-09 13:30:50,050 - __main__ - INFO - --------------------------------
2019-04-09 13:30:50,050 - __main__ - INFO - ========= LOGIN ================
2019-04-09 13:30:50,050 - __main__ - INFO - 	-- Login to API URL : https://assist-prj.org/assist/api/v1/login
2019-04-09 13:30:50,320 - __main__ - INFO - 	-- Checking Status
2019-04-09 13:30:50,320 - __main__ - INFO - 	Status Code: 200 - OK
2019-04-09 13:30:50,320 - __main__ - INFO - 	-- Checking Cookies
2019-04-09 13:30:50,321 - __main__ - INFO - 	-- Checking Token
2019-04-09 13:30:50,321 - __main__ - INFO - 	-- Set Token
2019-04-09 13:30:50,321 - __main__ - INFO - 	-- Token Setted
2019-04-09 13:30:50,321 - __main__ - INFO - ========= LOGGED IN ================
2019-04-09 13:30:50,321 - __main__ - INFO - 3 - Get Next Tickets
2019-04-09 13:30:50,321 - __main__ - INFO - ------------------------------------------
2019-04-09 13:30:50,321 - __main__ - INFO - ========= GET NEXT TICKET ================
2019-04-09 13:30:50,375 - __main__ - INFO - 	-- Checking Status

2019-04-09 13:30:50,376 - __main__ - INFO - 	Status Code: 200 - OK
2019-04-09 13:30:50,376 - __main__ - INFO - -Response {'id': '1205', 'customer_id': 2, 'user_id': 24, 'category_id': None, 'priority': None, 'description': "CLIENTE CHIEDE CON MOLTA URGENZA RISOLUZIONE GUASTO ALLA LINEA TELEFONICA, RIFERENDO CHE SONO SENZA LINEA DA 8 GIORNI E NON E' ANCORA STATO RIPARATO NULLA. HANNO RICEVUTO ANCHE UN TECNICO TELECOM MA IL GUASTO PERSISTE E NE HANNO BISOGNO PER LAVORO, OLTRETUTTO SONO ISOLATI.", 'solution': None, 'status': 'Aperto', 'helpdesk_operator_id': None, 'create_dtm': '2019-02-05T10:08:01.609Z', 'update_dtm': '2019-02-19T13:57:05.915Z'}
2019-04-09 13:30:50,376 - __main__ - INFO - ------------------------------------------
2019-04-09 13:30:50,376 - __main__ - INFO - 	** Ticket : ["CLIENTE CHIEDE CON MOLTA URGENZA RISOLUZIONE GUASTO ALLA LINEA TELEFONICA, RIFERENDO CHE SONO SENZA LINEA DA 8 GIORNI E NON E' ANCORA STATO RIPARATO NULLA. HANNO RICEVUTO ANCHE UN TECNICO TELECOM MA IL GUASTO PERSISTE E NE HANNO BISOGNO PER LAVORO, OLTRETUTTO SONO ISOLATI."]
2019-04-09 13:30:50,376 - __main__ - INFO - 4 - Clean Ticket
2019-04-09 13:30:50,392 - __main__ - INFO -  ** Clean data ['cliente', 'chiede', 'molta', 'urgenza', 'risoluzione', 'guasto', 'linea', 'telefonica', ',', 'riferendo', 'senza', 'linea', '8', 'giorni', "'", 'ancora', 'stato', 'riparato', 'nulla', '.', 'ricevuto', 'tecnico', 'telecom', 'guasto', 'persiste', 'bisogno', 'lavoro', ',', 'oltretutto', 'isolati', '.']
2019-04-09 13:30:50,392 - __main__ - INFO - 5 - Ticket Sequence Creation
2019-04-09 13:30:50,393 - __main__ - INFO -  ** Ticket sequences [[5, 6, 2069, 111, 356, 22, 8, 59, 0, 1694, 105, 8, 1, 205, 0, 53, 52, 4390, 221, 0, 83, 38, 50, 22, 542, 296, 837, 0, 4650, 706]]
2019-04-09 13:30:50,393 - __main__ - INFO - 6 - Filter Data
2019-04-09 13:30:50,393 - __main__ - INFO - 3 - Get Next Tickets
2019-04-09 13:30:50,393 - __main__ - INFO - ------------------------------------------
2019-04-09 13:30:50,393 - __main__ - INFO - ========= GET NEXT TICKET ================
2019-04-09 13:30:50,429 - __main__ - INFO - 	-- Checking Status

2019-04-09 13:30:50,429 - __main__ - INFO - 	Status Code: 200 - OK
2019-04-09 13:30:50,429 - __main__ - INFO - -Response {'id': '1208', 'customer_id': 2, 'user_id': 24, 'category_id': None, 'priority': None, 'description': "IL CLIENTE E' RISENTITO PER LA MANCANZA DI COMUNICAZIONE RISPETTO ALL'APPUNTMAENTO DI IERI. CHIEDE CONTATTO URGENTE.", 'solution': None, 'status': 'Aperto', 'helpdesk_operator_id': None, 'create_dtm': '2019-02-05T16:38:46.087Z', 'update_dtm': '2019-02-19T15:12:11.198Z'}
2019-04-09 13:30:50,429 - __main__ - INFO - ------------------------------------------
2019-04-09 13:30:50,429 - __main__ - INFO - 	** Ticket : ["IL CLIENTE E' RISENTITO PER LA MANCANZA DI COMUNICAZIONE RISPETTO ALL'APPUNTMAENTO DI IERI. CHIEDE CONTATTO URGENTE."]
2019-04-09 13:30:50,429 - __main__ - INFO - 4 - Clean Ticket
2019-04-09 13:30:50,433 - __main__ - INFO -  ** Clean data ['cliente', "'", 'risentito', 'mancanza', 'comunicazione', 'rispetto', "all'appuntmaento", 'ieri', '.', 'chiede', 'contatto', 'urgente', '.']
2019-04-09 13:30:50,433 - __main__ - INFO - 5 - Ticket Sequence Creation
2019-04-09 13:30:50,433 - __main__ - INFO -  ** Ticket sequences [[5, 0, 5251, 764, 415, 1304, 0, 122, 0, 6, 18, 32, 0, 4, 4, 4, 4, 4, 4, 4, 4, 4, 4, 4, 4, 4, 4, 4, 4, 4]]
2019-04-09 13:30:50,434 - __main__ - INFO - 6 - Filter Data
2019-04-09 13:30:50,434 - __main__ - INFO - 3 - Get Next Tickets
2019-04-09 13:30:50,434 - __main__ - INFO - ------------------------------------------
2019-04-09 13:30:50,434 - __main__ - INFO - ========= GET NEXT TICKET ================
2019-04-09 13:30:50,447 - __main__ - INFO - 	-- Checking Status

2019-04-09 13:30:50,447 - __main__ - INFO - 	Status Code: 200 - OK
2019-04-09 13:30:50,447 - __main__ - INFO - -Response {'id': 0}
2019-04-09 13:30:50,448 - __main__ - INFO - ------------------------------------------
2019-04-09 13:30:50,448 - __main__ - INFO - 8 - Run Category Classification
2019-04-09 13:30:50,448 - __main__ - INFO - 	** Category Prediction
2019-04-09 13:30:52,507 - __main__ - INFO - 	** Categories Predicted : ['Tecnica', 'Tecnica']
2019-04-09 13:30:52,507 - __main__ - INFO - 	** Categories Predicted : ['Tecnica', 'Tecnica']
2019-04-09 13:30:52,507 - __main__ - INFO - 9 - Run Priority Classification
2019-04-09 13:30:52,507 - __main__ - INFO - 	** Priority Prediction

2019-04-09 13:30:54,426 - __main__ - INFO - 10 - Send Classification
2019-04-09 13:30:54,426 - __main__ - INFO - ------------------------------------------
2019-04-09 13:30:54,426 - __main__ - INFO - ========= SEND CLASSIFICATION START ============
2019-04-09 13:30:54,426 - __main__ - INFO - ----- Ticket id : 1205 - Params : {'categoryId': 2, 'priorityId': 1} -----
2019-04-09 13:30:54,469 - __main__ - INFO - 	-- Checking Status
2019-04-09 13:30:54,469 - __main__ - INFO - 	Status Code: 200 - OK
2019-04-09 13:30:54,470 - __main__ - INFO - ========= SEND CLASSIFICATION END ============
2019-04-09 13:30:54,470 - __main__ - INFO - ------------------------------------------
2019-04-09 13:30:54,470 - __main__ - INFO - 10 - Send Classification
2019-04-09 13:30:54,470 - __main__ - INFO - ------------------------------------------
2019-04-09 13:30:54,470 - __main__ - INFO - ========= SEND CLASSIFICATION START ============
2019-04-09 13:30:54,470 - __main__ - INFO - ----- Ticket id : 1208 - Params : {'categoryId': 2, 'priorityId': 1} -----
2019-04-09 13:30:54,495 - __main__ - INFO - 	-- Checking Status
2019-04-09 13:30:54,495 - __main__ - INFO - 	Status Code: 200 - OK
2019-04-09 13:30:54,495 - __main__ - INFO - ========= SEND CLASSIFICATION END ============
2019-04-09 13:30:54,495 - __main__ - INFO - ------------------------------------------
2019-04-09 13:30:54,495 - __main__ - INFO - LogOut dalle API
2019-04-09 13:30:54,495 - __main__ - INFO - --------------------------------
2019-04-09 13:30:54,495 - __main__ - INFO - ========= LOGOUT ================
2019-04-09 13:30:54,501 - __main__ - INFO - 	-- Checking Status
2019-04-09 13:30:54,501 - __main__ - INFO - 	Status Code: 200 - OK
2019-04-09 13:30:54,501 - __main__ - INFO - 	-- Reset Token
2019-04-09 13:30:54,501 - __main__ - INFO - ========= LOGGED OUT ================
2019-04-09 13:30:54,501 - __main__ - INFO - ==================Ticket Classification End=========================

2019-04-09 13:30:54,501 - __main__ - INFO - ----------------------------------------------------------------------
2019-04-09 13:30:54,749 - __main__ - INFO - ++++++++++++++++++++++++++++++++++++++++++++

2019-04-09 13:30:54,750 - __main__ - INFO - ++++++++++++++++++++++++++++++++++++++++++++
2019-04-09 13:30:54,750 - __main__ - INFO - 5 - User Selected : leonardo
2019-04-09 13:30:54,750 - __main__ - INFO - 6 - Open Classification Script For user : leonardo
2019-04-09 13:30:54,750 - __main__ - INFO - ----------------------------------------------------------------------
2019-04-09 13:30:54,750 - __main__ - INFO - ==================Ticket Classification Start=========================
2019-04-09 13:30:54,750 - __main__ - INFO - ** Initialization Start**
2019-04-09 13:30:54,750 - __main__ - INFO - 1 - Load Configurations start...
2019-04-09 13:30:54,750 - __main__ - INFO - 	** Config Path /home/questit/assist_classifier/scripts/../ticket_classification/config/leonardo/
2019-04-09 13:30:54,750 - __main__ - INFO - 	** Config for Class Classification
2019-04-09 13:30:54,750 - __main__ - INFO - 	** Config for Priority Classification
2019-04-09 13:30:54,751 - __main__ - INFO -  ** Load Vocabulary
2019-04-09 13:30:54,852 - __main__ - INFO - 	** Uso pretrained Words Embedding

2019-04-09 13:31:00,765 - __main__ - INFO - 1 - Load Configuration end
2019-04-09 13:31:00,765 - __main__ - INFO - 2 - Login In API
2019-04-09 13:31:00,766 - __main__ - INFO - --------------------------------
2019-04-09 13:31:00,766 - __main__ - INFO - ========= LOGIN ================
2019-04-09 13:31:00,766 - __main__ - INFO - 	-- Login to API URL : https://assist-prj.org/assist/api/v1/login
2019-04-09 13:31:00,791 - __main__ - INFO - 	-- Checking Status
2019-04-09 13:31:00,791 - __main__ - INFO - 	Status Code: 200 - OK
2019-04-09 13:31:00,791 - __main__ - INFO - 	-- Checking Cookies
2019-04-09 13:31:00,791 - __main__ - INFO - 	-- Checking Token
2019-04-09 13:31:00,791 - __main__ - INFO - 	-- Set Token
2019-04-09 13:31:00,791 - __main__ - INFO - 	-- Token Setted
2019-04-09 13:31:00,791 - __main__ - INFO - ========= LOGGED IN ================
2019-04-09 13:31:00,791 - __main__ - INFO - 3 - Get Next Tickets
2019-04-09 13:31:00,791 - __main__ - INFO - ------------------------------------------
2019-04-09 13:31:00,791 - __main__ - INFO - ========= GET NEXT TICKET ================
2019-04-09 13:31:00,823 - __main__ - INFO - 	-- Checking Status

2019-04-09 13:31:00,823 - __main__ - INFO - 	Status Code: 200 - OK
2019-04-09 13:31:00,823 - __main__ - INFO - -Response {'id': '1203', 'customer_id': 3, 'user_id': 46, 'category_id': None, 'priority': None, 'description': "CLIENTE CHIEDE CONTATTO URGENTE POICHE' HA RICEVUTO IL RID IN BANCA CON ADDEBITO BOLLETTA CON SCADENZA APRILE CHE NON HA ANCORA RICEVUTO. INOLTRE HA RILEVATO UN IMPORTO MOLTO ALTO E CHIEDE CHIARIMENTI E TABULATO.", 'solution': None, 'status': 'Chiuso', 'helpdesk_operator_id': None, 'create_dtm': '2019-03-15T09:58:14.000Z', 'update_dtm': '2019-04-01T12:56:32.189Z'}
2019-04-09 13:31:00,824 - __main__ - INFO - ------------------------------------------
2019-04-09 13:31:00,824 - __main__ - INFO - 	** Ticket : ["CLIENTE CHIEDE CONTATTO URGENTE POICHE' HA RICEVUTO IL RID IN BANCA CON ADDEBITO BOLLETTA CON SCADENZA APRILE CHE NON HA ANCORA RICEVUTO. INOLTRE HA RILEVATO UN IMPORTO MOLTO ALTO E CHIEDE CHIARIMENTI E TABULATO."]
2019-04-09 13:31:00,824 - __main__ - INFO - 4 - Clean Ticket
2019-04-09 13:31:00,831 - __main__ - INFO -  ** Clean data ['cliente', 'chiede', 'contatto', 'urgente', 'poiche', "'", 'ricevuto', 'rid', 'banca', 'addebito', 'bolletta', 'scadenza', 'aprile', 'ancora', 'ricevuto', '.', 'inoltre', 'rilevato', 'importo', 'molto', 'alto', 'chiede', 'chiarimenti', 'tabulato', '.']
2019-04-09 13:31:00,831 - __main__ - INFO - 5 - Ticket Sequence Creation
2019-04-09 13:31:00,831 - __main__ - INFO -  ** Ticket sequences [[5, 6, 18, 32, 560, 0, 83, 126, 382, 583, 913, 671, 643, 53, 83, 0, 132, 2248, 685, 145, 2007, 6, 101, 3006, 0, 4, 4, 4, 4, 4]]
2019-04-09 13:31:00,831 - __main__ - INFO - 6 - Filter Data
2019-04-09 13:31:00,831 - __main__ - INFO - 3 - Get Next Tickets
2019-04-09 13:31:00,831 - __main__ - INFO - ------------------------------------------
2019-04-09 13:31:00,831 - __main__ - INFO - ========= GET NEXT TICKET ================
2019-04-09 13:31:00,862 - __main__ - INFO - 	-- Checking Status

2019-04-09 13:31:00,862 - __main__ - INFO - 	Status Code: 200 - OK
2019-04-09 13:31:00,862 - __main__ - INFO - -Response {'id': '1206', 'customer_id': 3, 'user_id': 46, 'category_id': None, 'priority': None, 'description': 'CLI LAMENTA MANCANZA DI CONNESSIONER INTERNET, APPARE LA SCRITTA "NO ADSL CONNECTION". VERIFICATO CHE IL ROUTER SIA BEN COLLEGATO. ', 'solution': None, 'status': 'Chiuso', 'helpdesk_operator_id': None, 'create_dtm': '2019-02-05T11:47:21.728Z', 'update_dtm': '2019-04-01T12:56:32.233Z'}
2019-04-09 13:31:00,862 - __main__ - INFO - ------------------------------------------
2019-04-09 13:31:00,862 - __main__ - INFO - 	** Ticket : ['CLI LAMENTA MANCANZA DI CONNESSIONER INTERNET, APPARE LA SCRITTA "NO ADSL CONNECTION". VERIFICATO CHE IL ROUTER SIA BEN COLLEGATO. ']
2019-04-09 13:31:00,862 - __main__ - INFO - 4 - Clean Ticket
2019-04-09 13:31:00,867 - __main__ - INFO -  ** Clean data ['cli', 'lamenta', 'mancanza', 'connessioner', 'internet', ',', 'appare', 'scritta', '``', 'no', 'adsl', 'connection', "''", '.', 'verificato', 'router', 'ben', 'collegato', '.']
2019-04-09 13:31:00,867 - __main__ - INFO - 5 - Ticket Sequence Creation
2019-04-09 13:31:00,867 - __main__ - INFO -  ** Ticket sequences [[7, 140, 765, 19910, 11, 0, 748, 1277, 130, 246, 9, 5183, 0, 0, 414, 39, 2469, 377, 0, 4, 4, 4, 4, 4, 4, 4, 4, 4, 4, 4]]
2019-04-09 13:31:00,867 - __main__ - INFO - 6 - Filter Data
2019-04-09 13:31:00,867 - __main__ - INFO - 3 - Get Next Tickets
2019-04-09 13:31:00,867 - __main__ - INFO - ------------------------------------------
2019-04-09 13:31:00,867 - __main__ - INFO - ========= GET NEXT TICKET ================
2019-04-09 13:31:00,885 - __main__ - INFO - 	-- Checking Status

2019-04-09 13:31:00,885 - __main__ - INFO - 	Status Code: 200 - OK
2019-04-09 13:31:00,885 - __main__ - INFO - -Response {'id': 0}
2019-04-09 13:31:00,886 - __main__ - INFO - ------------------------------------------
2019-04-09 13:31:00,886 - __main__ - INFO - 8 - Run Category Classification
2019-04-09 13:31:00,886 - __main__ - INFO - 	** Category Prediction
2019-04-09 13:31:02,540 - __main__ - INFO - 	** Categories Predicted : ['Amministrativa', 'Tecnica']
2019-04-09 13:31:02,540 - __main__ - INFO - 	** Categories Predicted : ['Amministrativa', 'Tecnica']
2019-04-09 13:31:02,540 - __main__ - INFO - 9 - Run Priority Classification
2019-04-09 13:31:02,540 - __main__ - INFO - 	** Priority Prediction

2019-04-09 13:31:04,485 - __main__ - INFO - 10 - Send Classification
2019-04-09 13:31:04,485 - __main__ - INFO - ------------------------------------------
2019-04-09 13:31:04,485 - __main__ - INFO - ========= SEND CLASSIFICATION START ============
2019-04-09 13:31:04,485 - __main__ - INFO - ----- Ticket id : 1203 - Params : {'categoryId': 1, 'priorityId': 2} -----
2019-04-09 13:31:04,537 - __main__ - INFO - 	-- Checking Status
2019-04-09 13:31:04,537 - __main__ - INFO - 	Status Code: 200 - OK
2019-04-09 13:31:04,537 - __main__ - INFO - ========= SEND CLASSIFICATION END ============
2019-04-09 13:31:04,537 - __main__ - INFO - ------------------------------------------
2019-04-09 13:31:04,537 - __main__ - INFO - 10 - Send Classification
2019-04-09 13:31:04,537 - __main__ - INFO - ------------------------------------------
2019-04-09 13:31:04,537 - __main__ - INFO - ========= SEND CLASSIFICATION START ============
2019-04-09 13:31:04,538 - __main__ - INFO - ----- Ticket id : 1206 - Params : {'categoryId': 2, 'priorityId': 1} -----
2019-04-09 13:31:04,592 - __main__ - INFO - 	-- Checking Status
2019-04-09 13:31:04,592 - __main__ - INFO - 	Status Code: 200 - OK
2019-04-09 13:31:04,592 - __main__ - INFO - ========= SEND CLASSIFICATION END ============
2019-04-09 13:31:04,592 - __main__ - INFO - ------------------------------------------
2019-04-09 13:31:04,592 - __main__ - INFO - LogOut dalle API
2019-04-09 13:31:04,592 - __main__ - INFO - --------------------------------
2019-04-09 13:31:04,592 - __main__ - INFO - ========= LOGOUT ================
2019-04-09 13:31:04,598 - __main__ - INFO - 	-- Checking Status
2019-04-09 13:31:04,599 - __main__ - INFO - 	Status Code: 200 - OK
2019-04-09 13:31:04,599 - __main__ - INFO - 	-- Reset Token
2019-04-09 13:31:04,599 - __main__ - INFO - ========= LOGGED OUT ================
2019-04-09 13:31:04,599 - __main__ - INFO - ==================Ticket Classification End=========================

2019-04-09 13:31:04,599 - __main__ - INFO - ----------------------------------------------------------------------
2019-04-09 13:31:04,822 - __main__ - INFO - ++++++++++++++++++++++++++++++++++++++++++++

2019-04-09 13:31:04,823 - __main__ - INFO - 7 - Delete PID File
2019-04-09 13:31:04,823 - __main__ - INFO - ------------------------------------------------------

2019-04-10 15:19:00,916 - __main__ - INFO - ------------------------------------------------------
2019-04-10 15:19:00,916 - __main__ - INFO - 1 - Classification Script
2019-04-10 15:19:00,916 - __main__ - INFO - 2 - Check Demon Existence
2019-04-10 15:19:00,916 - __main__ - INFO - 3 - Create Classification PID file
2019-04-10 15:19:00,916 - __main__ - INFO - 4 - Load Configuration
2019-04-10 15:19:00,916 - __main__ - INFO - ++++++++++++++++++++++++++++++++++++++++++++
2019-04-10 15:19:00,917 - __main__ - INFO - 5 - User Selected : antonio
2019-04-10 15:19:00,917 - __main__ - INFO - 6 - Open Classification Script For user : antonio
2019-04-10 15:19:00,917 - __main__ - INFO - ----------------------------------------------------------------------
2019-04-10 15:19:00,917 - __main__ - INFO - ==================Ticket Classification Start=========================
2019-04-10 15:19:00,917 - __main__ - INFO - ** Initialization Start**
2019-04-10 15:19:00,917 - __main__ - INFO - 1 - Load Configurations start...
2019-04-10 15:19:00,917 - __main__ - INFO - 	** Config Path /home/questit/assist_classifier/scripts/../ticket_classification/config/antonio/
2019-04-10 15:19:00,917 - __main__ - INFO - 	** Config for Class Classification
2019-04-10 15:19:00,918 - __main__ - INFO - 	** Config for Priority Classification
2019-04-10 15:19:00,918 - __main__ - INFO -  ** Load Vocabulary
2019-04-10 15:19:01,029 - __main__ - INFO - 	** Uso pretrained Words Embedding

2019-04-10 15:19:10,254 - __main__ - INFO - 1 - Load Configuration end
2019-04-10 15:19:10,254 - __main__ - INFO - 2 - Login In API
2019-04-10 15:19:10,255 - __main__ - INFO - --------------------------------
2019-04-10 15:19:10,255 - __main__ - INFO - ========= LOGIN ================
2019-04-10 15:19:10,255 - __main__ - INFO - 	-- Login to API URL : https://assist-prj.org/assist/api/v1/login
2019-04-10 15:19:10,413 - __main__ - INFO - 	-- Checking Status
2019-04-10 15:19:10,413 - __main__ - INFO - 	Status Code: 200 - OK
2019-04-10 15:19:10,413 - __main__ - INFO - 	-- Checking Cookies
2019-04-10 15:19:10,414 - __main__ - INFO - 	-- Checking Token
2019-04-10 15:19:10,414 - __main__ - INFO - 	-- Set Token
2019-04-10 15:19:10,414 - __main__ - INFO - 	-- Token Setted
2019-04-10 15:19:10,414 - __main__ - INFO - ========= LOGGED IN ================
2019-04-10 15:19:10,414 - __main__ - INFO - 3 - Get Next Tickets
2019-04-10 15:19:10,414 - __main__ - INFO - ------------------------------------------
2019-04-10 15:19:10,414 - __main__ - INFO - ========= GET NEXT TICKET ================
2019-04-10 15:19:10,449 - __main__ - INFO - 	-- Checking Status

2019-04-10 15:19:10,449 - __main__ - INFO - 	Status Code: 200 - OK
2019-04-10 15:19:10,449 - __main__ - INFO - -Response {'id': '1205', 'customer_id': 2, 'user_id': 24, 'category_id': None, 'priority': None, 'description': "CLIENTE CHIEDE RISOLUZIONE GUASTO ALLA LINEA TELEFONICA, RIFERENDO CHE SONO SENZA LINEA DA 8 GIORNI E NON E' ANCORA STATO RIPARATO NULLA. HANNO RICEVUTO ANCHE UN TECNICO TELECOM MA IL GUASTO PERSISTE E NE HANNO BISOGNO PER LAVORO, OLTRETUTTO SONO ISOLATI.", 'solution': None, 'status': 'Aperto', 'helpdesk_operator_id': None, 'create_dtm': '2019-02-05T10:08:01.609Z', 'update_dtm': '2019-04-09T13:30:54.439Z'}
2019-04-10 15:19:10,449 - __main__ - INFO - ------------------------------------------
2019-04-10 15:19:10,450 - __main__ - INFO - 	** Ticket : ["CLIENTE CHIEDE RISOLUZIONE GUASTO ALLA LINEA TELEFONICA, RIFERENDO CHE SONO SENZA LINEA DA 8 GIORNI E NON E' ANCORA STATO RIPARATO NULLA. HANNO RICEVUTO ANCHE UN TECNICO TELECOM MA IL GUASTO PERSISTE E NE HANNO BISOGNO PER LAVORO, OLTRETUTTO SONO ISOLATI."]
2019-04-10 15:19:10,450 - __main__ - INFO - 4 - Clean Ticket
2019-04-10 15:19:10,463 - __main__ - INFO -  ** Clean data ['cliente', 'chiede', 'risoluzione', 'guasto', 'linea', 'telefonica', ',', 'riferendo', 'senza', 'linea', '8', 'giorni', "'", 'ancora', 'stato', 'riparato', 'nulla', '.', 'ricevuto', 'tecnico', 'telecom', 'guasto', 'persiste', 'bisogno', 'lavoro', ',', 'oltretutto', 'isolati', '.']
2019-04-10 15:19:10,463 - __main__ - INFO - 5 - Ticket Sequence Creation
2019-04-10 15:19:10,463 - __main__ - INFO -  ** Ticket sequences [[5, 6, 356, 22, 8, 59, 0, 1694, 105, 8, 1, 205, 0, 53, 52, 4390, 221, 0, 83, 38, 50, 22, 542, 296, 837, 0, 4650, 706, 0, 4]]
2019-04-10 15:19:10,463 - __main__ - INFO - 6 - Filter Data
2019-04-10 15:19:10,463 - __main__ - INFO - 3 - Get Next Tickets
2019-04-10 15:19:10,464 - __main__ - INFO - ------------------------------------------
2019-04-10 15:19:10,464 - __main__ - INFO - ========= GET NEXT TICKET ================
2019-04-10 15:19:10,497 - __main__ - INFO - 	-- Checking Status

2019-04-10 15:19:10,497 - __main__ - INFO - 	Status Code: 200 - OK
2019-04-10 15:19:10,498 - __main__ - INFO - -Response {'id': '1208', 'customer_id': 2, 'user_id': 24, 'category_id': None, 'priority': None, 'description': "IL CLIENTE E' RISENTITO PER LA MANCANZA DI COMUNICAZIONE RISPETTO ALL'APPUNTMAENTO CON IL TECNICO DI IERI. CHIEDE CONTATTO.", 'solution': None, 'status': 'Aperto', 'helpdesk_operator_id': None, 'create_dtm': '2019-02-05T16:38:46.087Z', 'update_dtm': '2019-04-09T13:30:54.481Z'}
2019-04-10 15:19:10,498 - __main__ - INFO - ------------------------------------------
2019-04-10 15:19:10,498 - __main__ - INFO - 	** Ticket : ["IL CLIENTE E' RISENTITO PER LA MANCANZA DI COMUNICAZIONE RISPETTO ALL'APPUNTMAENTO CON IL TECNICO DI IERI. CHIEDE CONTATTO."]
2019-04-10 15:19:10,498 - __main__ - INFO - 4 - Clean Ticket
2019-04-10 15:19:10,502 - __main__ - INFO -  ** Clean data ['cliente', "'", 'risentito', 'mancanza', 'comunicazione', 'rispetto', "all'appuntmaento", 'tecnico', 'ieri', '.', 'chiede', 'contatto', '.']
2019-04-10 15:19:10,502 - __main__ - INFO - 5 - Ticket Sequence Creation
2019-04-10 15:19:10,502 - __main__ - INFO -  ** Ticket sequences [[5, 0, 5251, 764, 415, 1304, 0, 38, 122, 0, 6, 18, 0, 4, 4, 4, 4, 4, 4, 4, 4, 4, 4, 4, 4, 4, 4, 4, 4, 4]]
2019-04-10 15:19:10,503 - __main__ - INFO - 6 - Filter Data
2019-04-10 15:19:10,503 - __main__ - INFO - 3 - Get Next Tickets
2019-04-10 15:19:10,503 - __main__ - INFO - ------------------------------------------
2019-04-10 15:19:10,503 - __main__ - INFO - ========= GET NEXT TICKET ================
2019-04-10 15:19:10,515 - __main__ - INFO - 	-- Checking Status

2019-04-10 15:19:10,515 - __main__ - INFO - 	Status Code: 200 - OK
2019-04-10 15:19:10,515 - __main__ - INFO - -Response {'id': 0}
2019-04-10 15:19:10,515 - __main__ - INFO - ------------------------------------------
2019-04-10 15:19:10,515 - __main__ - INFO - 8 - Run Category Classification
2019-04-10 15:19:10,515 - __main__ - INFO - 	** Category Prediction
2019-04-10 15:19:12,963 - __main__ - INFO - 	** Categories Predicted : ['Tecnica', 'Tecnica']
2019-04-10 15:19:12,963 - __main__ - INFO - 	** Categories Predicted : ['Tecnica', 'Tecnica']
2019-04-10 15:19:12,963 - __main__ - INFO - 9 - Run Priority Classification
2019-04-10 15:19:12,963 - __main__ - INFO - 	** Priority Prediction

2019-04-10 15:19:14,967 - __main__ - INFO - 10 - Send Classification
2019-04-10 15:19:14,968 - __main__ - INFO - ------------------------------------------
2019-04-10 15:19:14,968 - __main__ - INFO - ========= SEND CLASSIFICATION START ============
2019-04-10 15:19:14,968 - __main__ - INFO - ----- Ticket id : 1205 - Params : {'categoryId': 2, 'priorityId': 1} -----
2019-04-10 15:19:15,005 - __main__ - INFO - 	-- Checking Status
2019-04-10 15:19:15,005 - __main__ - INFO - 	Status Code: 200 - OK
2019-04-10 15:19:15,005 - __main__ - INFO - ========= SEND CLASSIFICATION END ============
2019-04-10 15:19:15,006 - __main__ - INFO - ------------------------------------------
2019-04-10 15:19:15,006 - __main__ - INFO - 10 - Send Classification
2019-04-10 15:19:15,006 - __main__ - INFO - ------------------------------------------
2019-04-10 15:19:15,006 - __main__ - INFO - ========= SEND CLASSIFICATION START ============
2019-04-10 15:19:15,006 - __main__ - INFO - ----- Ticket id : 1208 - Params : {'categoryId': 2, 'priorityId': 1} -----
2019-04-10 15:19:15,038 - __main__ - INFO - 	-- Checking Status
2019-04-10 15:19:15,038 - __main__ - INFO - 	Status Code: 200 - OK
2019-04-10 15:19:15,038 - __main__ - INFO - ========= SEND CLASSIFICATION END ============
2019-04-10 15:19:15,038 - __main__ - INFO - ------------------------------------------
2019-04-10 15:19:15,038 - __main__ - INFO - LogOut dalle API
2019-04-10 15:19:15,038 - __main__ - INFO - --------------------------------
2019-04-10 15:19:15,038 - __main__ - INFO - ========= LOGOUT ================
2019-04-10 15:19:15,046 - __main__ - INFO - 	-- Checking Status
2019-04-10 15:19:15,047 - __main__ - INFO - 	Status Code: 200 - OK
2019-04-10 15:19:15,047 - __main__ - INFO - 	-- Reset Token
2019-04-10 15:19:15,047 - __main__ - INFO - ========= LOGGED OUT ================
2019-04-10 15:19:15,047 - __main__ - INFO - ==================Ticket Classification End=========================

2019-04-10 15:19:15,047 - __main__ - INFO - ----------------------------------------------------------------------
2019-04-10 15:19:15,250 - __main__ - INFO - ++++++++++++++++++++++++++++++++++++++++++++

2019-04-10 15:19:15,251 - __main__ - INFO - ++++++++++++++++++++++++++++++++++++++++++++
2019-04-10 15:19:15,251 - __main__ - INFO - 5 - User Selected : leonardo
2019-04-10 15:19:15,251 - __main__ - INFO - 6 - Open Classification Script For user : leonardo
2019-04-10 15:19:15,251 - __main__ - INFO - ----------------------------------------------------------------------
2019-04-10 15:19:15,251 - __main__ - INFO - ==================Ticket Classification Start=========================
2019-04-10 15:19:15,251 - __main__ - INFO - ** Initialization Start**
2019-04-10 15:19:15,251 - __main__ - INFO - 1 - Load Configurations start...
2019-04-10 15:19:15,251 - __main__ - INFO - 	** Config Path /home/questit/assist_classifier/scripts/../ticket_classification/config/leonardo/
2019-04-10 15:19:15,251 - __main__ - INFO - 	** Config for Class Classification
2019-04-10 15:19:15,257 - __main__ - INFO - 	** Config for Priority Classification
2019-04-10 15:19:15,258 - __main__ - INFO -  ** Load Vocabulary
2019-04-10 15:19:15,358 - __main__ - INFO - 	** Uso pretrained Words Embedding

2019-04-10 15:19:21,212 - __main__ - INFO - 1 - Load Configuration end
2019-04-10 15:19:21,213 - __main__ - INFO - 2 - Login In API
2019-04-10 15:19:21,213 - __main__ - INFO - --------------------------------
2019-04-10 15:19:21,213 - __main__ - INFO - ========= LOGIN ================
2019-04-10 15:19:21,213 - __main__ - INFO - 	-- Login to API URL : https://assist-prj.org/assist/api/v1/login
2019-04-10 15:19:21,239 - __main__ - INFO - 	-- Checking Status
2019-04-10 15:19:21,239 - __main__ - INFO - 	Status Code: 200 - OK
2019-04-10 15:19:21,239 - __main__ - INFO - 	-- Checking Cookies
2019-04-10 15:19:21,239 - __main__ - INFO - 	-- Checking Token
2019-04-10 15:19:21,239 - __main__ - INFO - 	-- Set Token
2019-04-10 15:19:21,240 - __main__ - INFO - 	-- Token Setted
2019-04-10 15:19:21,240 - __main__ - INFO - ========= LOGGED IN ================
2019-04-10 15:19:21,240 - __main__ - INFO - 3 - Get Next Tickets
2019-04-10 15:19:21,240 - __main__ - INFO - ------------------------------------------
2019-04-10 15:19:21,240 - __main__ - INFO - ========= GET NEXT TICKET ================
2019-04-10 15:19:21,271 - __main__ - INFO - 	-- Checking Status

2019-04-10 15:19:21,271 - __main__ - INFO - 	Status Code: 200 - OK
2019-04-10 15:19:21,271 - __main__ - INFO - -Response {'id': '1203', 'customer_id': 3, 'user_id': 46, 'category_id': None, 'priority': None, 'description': "CLIENTE CHIEDE CONTATTO POICHE' HA RICEVUTO IL RID IN BANCA CON ADDEBITO BOLLETTA CON SCADENZA APRILE CHE NON HA ANCORA RICEVUTO. INOLTRE HA RILEVATO UN IMPORTO MOLTO ALTO E CHIEDE CHIARIMENTI E TABULATO.", 'solution': None, 'status': 'Chiuso', 'helpdesk_operator_id': None, 'create_dtm': '2019-03-15T09:58:14.000Z', 'update_dtm': '2019-04-09T13:31:04.500Z'}
2019-04-10 15:19:21,271 - __main__ - INFO - ------------------------------------------
2019-04-10 15:19:21,272 - __main__ - INFO - 	** Ticket : ["CLIENTE CHIEDE CONTATTO POICHE' HA RICEVUTO IL RID IN BANCA CON ADDEBITO BOLLETTA CON SCADENZA APRILE CHE NON HA ANCORA RICEVUTO. INOLTRE HA RILEVATO UN IMPORTO MOLTO ALTO E CHIEDE CHIARIMENTI E TABULATO."]
2019-04-10 15:19:21,272 - __main__ - INFO - 4 - Clean Ticket
2019-04-10 15:19:21,278 - __main__ - INFO -  ** Clean data ['cliente', 'chiede', 'contatto', 'poiche', "'", 'ricevuto', 'rid', 'banca', 'addebito', 'bolletta', 'scadenza', 'aprile', 'ancora', 'ricevuto', '.', 'inoltre', 'rilevato', 'importo', 'molto', 'alto', 'chiede', 'chiarimenti', 'tabulato', '.']
2019-04-10 15:19:21,278 - __main__ - INFO - 5 - Ticket Sequence Creation
2019-04-10 15:19:21,278 - __main__ - INFO -  ** Ticket sequences [[5, 6, 18, 560, 0, 83, 126, 382, 583, 913, 671, 643, 53, 83, 0, 132, 2248, 685, 145, 2007, 6, 101, 3006, 0, 4, 4, 4, 4, 4, 4]]
2019-04-10 15:19:21,279 - __main__ - INFO - 6 - Filter Data
2019-04-10 15:19:21,279 - __main__ - INFO - 3 - Get Next Tickets
2019-04-10 15:19:21,279 - __main__ - INFO - ------------------------------------------
2019-04-10 15:19:21,279 - __main__ - INFO - ========= GET NEXT TICKET ================
2019-04-10 15:19:21,308 - __main__ - INFO - 	-- Checking Status

2019-04-10 15:19:21,308 - __main__ - INFO - 	Status Code: 200 - OK
2019-04-10 15:19:21,308 - __main__ - INFO - -Response {'id': '1206', 'customer_id': 3, 'user_id': 46, 'category_id': None, 'priority': None, 'description': 'CLI LAMENTA MANCANZA DI CONNESSIONER INTERNET, APPARE LA SCRITTA "NO ADSL CONNECTION". VERIFICATO CHE IL ROUTER SIA BEN COLLEGATO. ', 'solution': None, 'status': 'Chiuso', 'helpdesk_operator_id': None, 'create_dtm': '2019-02-05T11:47:21.728Z', 'update_dtm': '2019-04-09T13:31:04.551Z'}
2019-04-10 15:19:21,308 - __main__ - INFO - ------------------------------------------
2019-04-10 15:19:21,308 - __main__ - INFO - 	** Ticket : ['CLI LAMENTA MANCANZA DI CONNESSIONER INTERNET, APPARE LA SCRITTA "NO ADSL CONNECTION". VERIFICATO CHE IL ROUTER SIA BEN COLLEGATO. ']
2019-04-10 15:19:21,308 - __main__ - INFO - 4 - Clean Ticket
2019-04-10 15:19:21,313 - __main__ - INFO -  ** Clean data ['cli', 'lamenta', 'mancanza', 'connessioner', 'internet', ',', 'appare', 'scritta', '``', 'no', 'adsl', 'connection', "''", '.', 'verificato', 'router', 'ben', 'collegato', '.']
2019-04-10 15:19:21,313 - __main__ - INFO - 5 - Ticket Sequence Creation
2019-04-10 15:19:21,313 - __main__ - INFO -  ** Ticket sequences [[7, 140, 765, 19910, 11, 0, 748, 1277, 130, 246, 9, 5183, 0, 0, 414, 39, 2469, 377, 0, 4, 4, 4, 4, 4, 4, 4, 4, 4, 4, 4]]
2019-04-10 15:19:21,313 - __main__ - INFO - 6 - Filter Data
2019-04-10 15:19:21,313 - __main__ - INFO - 3 - Get Next Tickets
2019-04-10 15:19:21,313 - __main__ - INFO - ------------------------------------------
2019-04-10 15:19:21,313 - __main__ - INFO - ========= GET NEXT TICKET ================
2019-04-10 15:19:21,327 - __main__ - INFO - 	-- Checking Status

2019-04-10 15:19:21,327 - __main__ - INFO - 	Status Code: 200 - OK
2019-04-10 15:19:21,327 - __main__ - INFO - -Response {'id': 0}
2019-04-10 15:19:21,327 - __main__ - INFO - ------------------------------------------
2019-04-10 15:19:21,327 - __main__ - INFO - 8 - Run Category Classification
2019-04-10 15:19:21,328 - __main__ - INFO - 	** Category Prediction
2019-04-10 15:19:23,102 - __main__ - INFO - 	** Categories Predicted : ['Amministrativa', 'Tecnica']
2019-04-10 15:19:23,102 - __main__ - INFO - 	** Categories Predicted : ['Amministrativa', 'Tecnica']
2019-04-10 15:19:23,102 - __main__ - INFO - 9 - Run Priority Classification
2019-04-10 15:19:23,102 - __main__ - INFO - 	** Priority Prediction

2019-04-10 15:19:25,152 - __main__ - INFO - 10 - Send Classification
2019-04-10 15:19:25,153 - __main__ - INFO - ------------------------------------------
2019-04-10 15:19:25,153 - __main__ - INFO - ========= SEND CLASSIFICATION START ============
2019-04-10 15:19:25,153 - __main__ - INFO - ----- Ticket id : 1203 - Params : {'categoryId': 1, 'priorityId': 2} -----
2019-04-10 15:19:25,200 - __main__ - INFO - 	-- Checking Status
2019-04-10 15:19:25,200 - __main__ - INFO - 	Status Code: 200 - OK
2019-04-10 15:19:25,200 - __main__ - INFO - ========= SEND CLASSIFICATION END ============
2019-04-10 15:19:25,200 - __main__ - INFO - ------------------------------------------
2019-04-10 15:19:25,200 - __main__ - INFO - 10 - Send Classification
2019-04-10 15:19:25,200 - __main__ - INFO - ------------------------------------------
2019-04-10 15:19:25,200 - __main__ - INFO - ========= SEND CLASSIFICATION START ============
2019-04-10 15:19:25,201 - __main__ - INFO - ----- Ticket id : 1206 - Params : {'categoryId': 2, 'priorityId': 1} -----
2019-04-10 15:19:25,228 - __main__ - INFO - 	-- Checking Status
2019-04-10 15:19:25,228 - __main__ - INFO - 	Status Code: 200 - OK
2019-04-10 15:19:25,228 - __main__ - INFO - ========= SEND CLASSIFICATION END ============
2019-04-10 15:19:25,228 - __main__ - INFO - ------------------------------------------
2019-04-10 15:19:25,228 - __main__ - INFO - LogOut dalle API
2019-04-10 15:19:25,228 - __main__ - INFO - --------------------------------
2019-04-10 15:19:25,228 - __main__ - INFO - ========= LOGOUT ================
2019-04-10 15:19:25,235 - __main__ - INFO - 	-- Checking Status
2019-04-10 15:19:25,235 - __main__ - INFO - 	Status Code: 200 - OK
2019-04-10 15:19:25,235 - __main__ - INFO - 	-- Reset Token
2019-04-10 15:19:25,235 - __main__ - INFO - ========= LOGGED OUT ================
2019-04-10 15:19:25,236 - __main__ - INFO - ==================Ticket Classification End=========================

2019-04-10 15:19:25,236 - __main__ - INFO - ----------------------------------------------------------------------
2019-04-10 15:19:25,459 - __main__ - INFO - ++++++++++++++++++++++++++++++++++++++++++++

2019-04-10 15:19:25,460 - __main__ - INFO - 7 - Delete PID File
2019-04-10 15:19:25,460 - __main__ - INFO - ------------------------------------------------------

