2019-07-22 10:04:31,936 - __main__ - INFO - ------------------------------------------------------
2019-07-22 10:04:31,936 - __main__ - INFO - 1 - Classification Script
2019-07-22 10:04:31,936 - __main__ - INFO - 2 - Check Demon Existence
2019-07-22 10:04:31,937 - __main__ - INFO - 3 - Create Classification PID file
2019-07-22 10:04:31,937 - __main__ - ERROR - Error in classification method [Errno 2] No such file or directory: '/home/anfri/Lavoro-AiDiLab/ASSIST/assist-nlp-patch-1/assist_classifier/scripts/demon/classification_antonio.pid'
2019-07-22 10:09:24,432 - __main__ - INFO - ------------------------------------------------------
2019-07-22 10:09:24,432 - __main__ - INFO - 1 - Classification Script
2019-07-22 10:09:24,432 - __main__ - INFO - 2 - Check Demon Existence
2019-07-22 10:09:24,432 - __main__ - INFO - 3 - Create Classification PID file
2019-07-22 10:09:24,432 - __main__ - ERROR - Error in classification method [Errno 2] No such file or directory: '/home/anfri/Lavoro-AiDiLab/ASSIST/assist-nlp-patch-1/assist_classifier/scripts/demon/classification_antonio.pid'
2019-07-22 10:12:07,556 - __main__ - INFO - ------------------------------------------------------
2019-07-22 10:12:07,556 - __main__ - INFO - 1 - Classification Script
2019-07-22 10:12:07,556 - __main__ - INFO - 2 - Check Demon Existence
2019-07-22 10:12:07,556 - __main__ - INFO - 3 - Create Classification PID file
2019-07-22 10:12:07,556 - __main__ - INFO - 4 - Load Configuration
2019-07-22 10:12:07,557 - __main__ - INFO - ++++++++++++++++++++++++++++++++++++++++++++
2019-07-22 10:12:07,557 - __main__ - INFO - 5 - User Selected : antonio
2019-07-22 10:12:07,557 - __main__ - INFO - 6 - Open Classification Script For user : antonio
2019-07-22 10:12:07,557 - __main__ - INFO - ----------------------------------------------------------------------
2019-07-22 10:12:07,557 - __main__ - INFO - ==================Ticket Classification Start=========================
2019-07-22 10:12:07,557 - __main__ - INFO - ** Initialization Start**
2019-07-22 10:12:07,557 - __main__ - INFO - 1 - Load Configurations start...
2019-07-22 10:12:07,557 - __main__ - INFO - 	** Config Path /home/anfri/Lavoro-AiDiLab/ASSIST/assist-nlp-patch-1/assist_classifier/scripts/../ticket_classification/config/antonio/
2019-07-22 10:12:07,557 - __main__ - INFO - 	** Config for Class Classification
2019-07-22 10:12:07,557 - __main__ - INFO - 	** Config for Priority Classification
2019-07-22 10:12:07,558 - __main__ - INFO -  ** Load Vocabulary
2019-07-22 10:12:07,558 - __main__ - ERROR - Error in classifyNextTicket [Errno 2] No such file or directory: '/home/questit/data/models_and_data/antonio/models/category/model/data//vocabulary'
2019-07-22 10:12:07,558 - __main__ - INFO - ==================Ticket Classification End=========================

2019-07-22 10:12:07,558 - __main__ - INFO - ----------------------------------------------------------------------
2019-07-22 10:12:07,558 - __main__ - INFO - ++++++++++++++++++++++++++++++++++++++++++++

2019-07-22 10:12:07,558 - __main__ - INFO - 7 - Delete PID File
2019-07-22 10:12:07,558 - __main__ - INFO - ------------------------------------------------------

2019-07-22 10:22:01,381 - __main__ - INFO - ------------------------------------------------------
2019-07-22 10:22:01,381 - __main__ - INFO - 1 - Classification Script
2019-07-22 10:22:01,381 - __main__ - INFO - 2 - Check Demon Existence
2019-07-22 10:22:01,382 - __main__ - INFO - 3 - Create Classification PID file
2019-07-22 10:22:01,382 - __main__ - INFO - 4 - Load Configuration
2019-07-22 10:22:01,382 - __main__ - INFO - ++++++++++++++++++++++++++++++++++++++++++++
2019-07-22 10:22:01,382 - __main__ - INFO - 5 - User Selected : antonio
2019-07-22 10:22:01,382 - __main__ - INFO - 6 - Open Classification Script For user : antonio
2019-07-22 10:22:01,382 - __main__ - INFO - ----------------------------------------------------------------------
2019-07-22 10:22:01,382 - __main__ - INFO - ==================Ticket Classification Start=========================
2019-07-22 10:22:01,382 - __main__ - INFO - ** Initialization Start**
2019-07-22 10:22:01,382 - __main__ - INFO - 1 - Load Configurations start...
2019-07-22 10:22:01,382 - __main__ - INFO - 	** Config Path /home/anfri/Lavoro-AiDiLab/ASSIST/assist-nlp-patch-1/assist_classifier/scripts/../ticket_classification/config/antonio/
2019-07-22 10:22:01,382 - __main__ - INFO - 	** Config for Class Classification
2019-07-22 10:22:01,383 - __main__ - INFO - 	** Config for Priority Classification
2019-07-22 10:22:01,383 - __main__ - INFO -  ** Load Vocabulary
2019-07-22 10:22:01,493 - __main__ - INFO - 	** Uso pretrained Words Embedding

2019-07-22 10:22:01,493 - __main__ - ERROR - Error in classifyNextTicket [Errno 2] No such file or directory: '/home/questit/data/word_embedding_models/wiki_iter=5_algorithm=skipgram_window=10_size=300_neg-samples=10.m'
2019-07-22 10:22:01,493 - __main__ - INFO - ==================Ticket Classification End=========================

2019-07-22 10:22:01,494 - __main__ - INFO - ----------------------------------------------------------------------
2019-07-22 10:22:01,498 - __main__ - INFO - ++++++++++++++++++++++++++++++++++++++++++++

2019-07-22 10:22:01,498 - __main__ - INFO - 7 - Delete PID File
2019-07-22 10:22:01,498 - __main__ - INFO - ------------------------------------------------------

2019-07-22 10:38:13,127 - __main__ - INFO - ------------------------------------------------------
2019-07-22 10:38:13,127 - __main__ - INFO - 1 - Classification Script
2019-07-22 10:38:13,127 - __main__ - INFO - 2 - Check Demon Existence
2019-07-22 10:38:13,128 - __main__ - INFO - 3 - Create Classification PID file
2019-07-22 10:38:13,128 - __main__ - INFO - 4 - Load Configuration
2019-07-22 10:38:13,128 - __main__ - INFO - ++++++++++++++++++++++++++++++++++++++++++++
2019-07-22 10:38:13,128 - __main__ - INFO - 5 - User Selected : antonio
2019-07-22 10:38:13,128 - __main__ - INFO - 6 - Open Classification Script For user : antonio
2019-07-22 10:38:13,128 - __main__ - INFO - ----------------------------------------------------------------------
2019-07-22 10:38:13,128 - __main__ - INFO - ==================Ticket Classification Start=========================
2019-07-22 10:38:13,128 - __main__ - INFO - ** Initialization Start**
2019-07-22 10:38:13,128 - __main__ - INFO - 1 - Load Configurations start...
2019-07-22 10:38:13,128 - __main__ - INFO - 	** Config Path /home/anfri/Lavoro-AiDiLab/ASSIST/assist-nlp-patch-1/assist_classifier/scripts/../ticket_classification/config/antonio/
2019-07-22 10:38:13,128 - __main__ - INFO - 	** Config for Class Classification
2019-07-22 10:38:13,128 - __main__ - INFO - 	** Config for Priority Classification
2019-07-22 10:38:13,129 - __main__ - INFO -  ** Load Vocabulary
2019-07-22 10:38:13,237 - __main__ - INFO - 	** Uso pretrained Words Embedding

2019-07-22 10:38:18,084 - __main__ - ERROR - Error in classifyNextTicket [Errno 2] No such file or directory: '/home/questit/data/models_and_data/antonio/models/priority/model/data//vocabulary'
2019-07-22 10:38:18,084 - __main__ - INFO - ==================Ticket Classification End=========================

2019-07-22 10:38:18,084 - __main__ - INFO - ----------------------------------------------------------------------
2019-07-22 10:38:18,229 - __main__ - INFO - ++++++++++++++++++++++++++++++++++++++++++++

2019-07-22 10:38:18,229 - __main__ - INFO - 7 - Delete PID File
2019-07-22 10:38:18,229 - __main__ - INFO - ------------------------------------------------------

2019-07-22 10:40:09,986 - __main__ - INFO - ------------------------------------------------------
2019-07-22 10:40:09,986 - __main__ - INFO - 1 - Classification Script
2019-07-22 10:40:09,986 - __main__ - INFO - 2 - Check Demon Existence
2019-07-22 10:40:09,987 - __main__ - INFO - 3 - Create Classification PID file
2019-07-22 10:40:09,987 - __main__ - INFO - 4 - Load Configuration
2019-07-22 10:40:09,987 - __main__ - INFO - ++++++++++++++++++++++++++++++++++++++++++++
2019-07-22 10:40:09,987 - __main__ - INFO - 5 - User Selected : antonio
2019-07-22 10:40:09,987 - __main__ - INFO - 6 - Open Classification Script For user : antonio
2019-07-22 10:40:09,987 - __main__ - INFO - ----------------------------------------------------------------------
2019-07-22 10:40:09,987 - __main__ - INFO - ==================Ticket Classification Start=========================
2019-07-22 10:40:09,987 - __main__ - INFO - ** Initialization Start**
2019-07-22 10:40:09,987 - __main__ - INFO - 1 - Load Configurations start...
2019-07-22 10:40:09,987 - __main__ - INFO - 	** Config Path /home/anfri/Lavoro-AiDiLab/ASSIST/assist-nlp-patch-1/assist_classifier/scripts/../ticket_classification/config/antonio/
2019-07-22 10:40:09,987 - __main__ - INFO - 	** Config for Class Classification
2019-07-22 10:40:09,988 - __main__ - INFO - 	** Config for Priority Classification
2019-07-22 10:40:09,988 - __main__ - INFO -  ** Load Vocabulary
2019-07-22 10:40:10,089 - __main__ - INFO - 	** Uso pretrained Words Embedding

2019-07-22 10:40:15,128 - __main__ - INFO - 1 - Load Configuration end
2019-07-22 10:40:15,128 - __main__ - INFO - 2 - Login In API
2019-07-22 10:40:15,129 - __main__ - INFO - --------------------------------
2019-07-22 10:40:15,129 - __main__ - INFO - ========= LOGIN ================
2019-07-22 10:40:15,129 - __main__ - INFO - 	-- Login to API URL : https://assist-prj.org/assist/api/v1/login
2019-07-22 10:40:15,721 - __main__ - INFO - 	-- Checking Status
2019-07-22 10:40:15,721 - __main__ - ERROR - 	Status Code: 401 - Error! - Not Authenticated
2019-07-22 10:40:15,721 - __main__ - ERROR - Error in classifyNextTicket exceptions must derive from BaseException
2019-07-22 10:40:15,722 - __main__ - INFO - ==================Ticket Classification End=========================

2019-07-22 10:40:15,722 - __main__ - INFO - ----------------------------------------------------------------------
2019-07-22 10:40:15,904 - __main__ - INFO - ++++++++++++++++++++++++++++++++++++++++++++

2019-07-22 10:40:15,904 - __main__ - INFO - 7 - Delete PID File
2019-07-22 10:40:15,904 - __main__ - INFO - ------------------------------------------------------

